2016-05-06	13:43:41	+0000	f81d4d2d-3078-45b2-acab-d81850176a13	1	GET TaskExampleProcess process	0	OK	INTERFACE	SERVICE_ENTER		
2016-05-06	13:43:41	+0000	f81d4d2d-3078-45b2-acab-d81850176a13	1	GET TaskExampleProcess process	40	OK	INTERFACE	SERVICE_EXIT		
2016-05-06	13:43:41	+0000	e61993ba-74cb-4b11-a773-880fdd3914e8	2	POST create TaskExampleProcess process	0	OK	INTERFACE	SERVICE_ENTER		
2016-05-06	13:43:42	+0000	e61993ba-74cb-4b11-a773-880fdd3914e8	2	POST create TaskExampleProcess process	10	OK	INTERFACE	SERVICE_EXIT		
2016-05-06	13:43:42	+0000	3abb5c1c-40e1-44a8-ac30-f1e8304f4c4c	3	GET TaskExampleProcess processes	0	OK	INTERFACE	SERVICE_ENTER		
2016-05-06	13:43:42	+0000	3abb5c1c-40e1-44a8-ac30-f1e8304f4c4c	3	GET TaskExampleProcess processes	0	OK	INTERFACE	SERVICE_EXIT		
2016-05-06	13:43:42	+0000	a1b2b180-8818-4444-8ddd-b0f705660d73	4	GET TaskExampleProcess processes	0	OK	INTERFACE	SERVICE_ENTER		
2016-05-06	13:43:42	+0000	a1b2b180-8818-4444-8ddd-b0f705660d73	4	GET TaskExampleProcess processes	0	OK	INTERFACE	SERVICE_EXIT		
2016-05-06	13:43:42	+0000	5da24a27-0f16-4f16-96f4-3bb83987c718	5	PUT MyStart message to TaskExampleProcess process	0	OK	INTERFACE	SERVICE_ENTER		
2016-05-06	13:43:42	+0000	5da24a27-0f16-4f16-96f4-3bb83987c718	5	PUT MyStart message to TaskExampleProcess process	10	ERROR	INTERFACE	SERVICE_EXIT		
2016-05-06	13:43:42	+0000	1b37bfd4-3b96-410d-8b69-02f1166dbd9c	6	GET TaskExampleProcess processes	0	OK	INTERFACE	SERVICE_ENTER		
2016-05-06	13:43:42	+0000	1b37bfd4-3b96-410d-8b69-02f1166dbd9c	6	GET TaskExampleProcess processes	2	OK	INTERFACE	SERVICE_EXIT		
2016-05-06	13:43:42	+0000	7c986801-de24-4f7b-8f28-a055640ca0db	7	POST create and start TaskExampleProcess process	0	OK	INTERFACE	SERVICE_ENTER		
2016-05-06	13:43:42	+0000	0c8256be-7feb-40a5-b6cc-5254cfa7ffa7	8	TaskExampleProcess	0	OK	PSTATE	TRANSITION_ENTER	MyStart	
2016-05-06	13:43:42	+0000	0c8256be-7feb-40a5-b6cc-5254cfa7ffa7	8	Process Start	0	OK	PROCESS_START	CUSTOM	TaskExampleProcess::_my_custom_id_1	MyStart
2016-05-06	13:43:42	+0000	0c8256be-7feb-40a5-b6cc-5254cfa7ffa7	8	TaskExampleProcess	0	OK	PSTATE	TRANSITION_EXIT	MyStart	
2016-05-06	13:43:42	+0000	fedd1d61-d6fc-4c4c-a8d2-1bb7a5c7f3fa	9	TaskExampleProcess	0	OK	PSTATE	TRANSITION_ENTER	MyTask	
2016-05-06	13:43:42	+0000	fedd1d61-d6fc-4c4c-a8d2-1bb7a5c7f3fa	9	Process State Start	0	OK	PROCESS_STATE_START	CUSTOM	TaskExampleProcess::_my_custom_id_1	MyTask
2016-05-06	13:43:42	+0000	fedd1d61-d6fc-4c4c-a8d2-1bb7a5c7f3fa	9	TaskExampleProcess	10	OK	PSTATE	TRANSITION_EXIT	MyTask	
2016-05-06	13:43:42	+0000	7c986801-de24-4f7b-8f28-a055640ca0db	7	POST create and start TaskExampleProcess process	12	OK	INTERFACE	SERVICE_EXIT		
2016-05-06	13:43:48	+0000	5590511f-b962-4a29-a562-6dfa080309b8	10	GET TaskExampleProcess processes	0	OK	INTERFACE	SERVICE_ENTER		
2016-05-06	13:43:48	+0000	5590511f-b962-4a29-a562-6dfa080309b8	10	GET TaskExampleProcess processes	4	OK	INTERFACE	SERVICE_EXIT		
