2016-05-12	12:55:09	+0000	f2536e17-fdfd-4dab-8425-4b64172bf045	1	GET TaskExampleProcess process	0	OK	INTERFACE	SERVICE_ENTER		
2016-05-12	12:55:09	+0000	f2536e17-fdfd-4dab-8425-4b64172bf045	1	GET TaskExampleProcess process	11	OK	INTERFACE	SERVICE_EXIT		
2016-05-12	12:55:09	+0000	55c53af3-2dff-42fb-b049-e155e1834b90	2	POST create TaskExampleProcess process	0	OK	INTERFACE	SERVICE_ENTER		
2016-05-12	12:55:09	+0000	55c53af3-2dff-42fb-b049-e155e1834b90	2	POST create TaskExampleProcess process	11	OK	INTERFACE	SERVICE_EXIT		
2016-05-12	12:55:09	+0000	e26ff665-abb8-432f-8082-62089498616b	3	GET TaskExampleProcess processes	0	OK	INTERFACE	SERVICE_ENTER		
2016-05-12	12:55:09	+0000	e26ff665-abb8-432f-8082-62089498616b	3	GET TaskExampleProcess processes	4	OK	INTERFACE	SERVICE_EXIT		
2016-05-12	12:55:09	+0000	802de055-e618-4b7f-9181-d976105a3d57	4	GET TaskExampleProcess processes	0	OK	INTERFACE	SERVICE_ENTER		
2016-05-12	12:55:09	+0000	802de055-e618-4b7f-9181-d976105a3d57	4	GET TaskExampleProcess processes	2	OK	INTERFACE	SERVICE_EXIT		
2016-05-12	12:55:09	+0000	479e28c7-8032-4a09-8800-a4c6254e15e8	5	PUT MyStart message to TaskExampleProcess process	0	OK	INTERFACE	SERVICE_ENTER		
2016-05-12	12:55:09	+0000	479e28c7-8032-4a09-8800-a4c6254e15e8	5	PUT MyStart message to TaskExampleProcess process	4	ERROR	INTERFACE	SERVICE_EXIT		
2016-05-12	12:55:09	+0000	57d4b68f-21ce-4b1d-b000-f1f694bc7ad5	6	GET TaskExampleProcess processes	0	OK	INTERFACE	SERVICE_ENTER		
2016-05-12	12:55:09	+0000	57d4b68f-21ce-4b1d-b000-f1f694bc7ad5	6	GET TaskExampleProcess processes	1	OK	INTERFACE	SERVICE_EXIT		
2016-05-12	12:55:09	+0000	898c7029-6ef6-4c10-9e7d-5bc3ab51f437	7	POST create and start TaskExampleProcess process	0	OK	INTERFACE	SERVICE_ENTER		
2016-05-12	12:55:09	+0000	b79c3cfc-2dd5-465a-89fa-06a7fd84e645	8	TaskExampleProcess	0	OK	PSTATE	TRANSITION_ENTER	MyStart	
2016-05-12	12:55:09	+0000	b79c3cfc-2dd5-465a-89fa-06a7fd84e645	8	Process Start	1	OK	PROCESS_START	CUSTOM	TaskExampleProcess::_my_custom_id_1	MyStart
2016-05-12	12:55:09	+0000	b79c3cfc-2dd5-465a-89fa-06a7fd84e645	8	TaskExampleProcess	3	OK	PSTATE	TRANSITION_EXIT	MyStart	
2016-05-12	12:55:09	+0000	5c3fa6bb-7220-4048-b4b0-8b54811389c8	9	TaskExampleProcess	0	OK	PSTATE	TRANSITION_ENTER	MyTask	
2016-05-12	12:55:09	+0000	5c3fa6bb-7220-4048-b4b0-8b54811389c8	9	Process State Start	1	OK	PROCESS_STATE_START	CUSTOM	TaskExampleProcess::_my_custom_id_1	MyTask
2016-05-12	12:55:09	+0000	5c3fa6bb-7220-4048-b4b0-8b54811389c8	9	TaskExampleProcess	2	OK	PSTATE	TRANSITION_EXIT	MyTask	
2016-05-12	12:55:09	+0000	898c7029-6ef6-4c10-9e7d-5bc3ab51f437	7	POST create and start TaskExampleProcess process	14	OK	INTERFACE	SERVICE_EXIT		
2016-05-12	13:42:41	+0000	10347e12-5a99-48fc-a787-e2cfa6352860	10	GET TaskExampleProcess processes	0	OK	INTERFACE	SERVICE_ENTER		
2016-05-12	13:42:41	+0000	10347e12-5a99-48fc-a787-e2cfa6352860	10	GET TaskExampleProcess processes	2	OK	INTERFACE	SERVICE_EXIT		
