2016-05-10	10:29:11	+0000	5a30bfe9-e99f-4ddd-a609-ccdd6c2d668a	1	GET TaskExampleProcess process	0	OK	INTERFACE	SERVICE_ENTER		
2016-05-10	10:29:11	+0000	5a30bfe9-e99f-4ddd-a609-ccdd6c2d668a	1	GET TaskExampleProcess process	31	OK	INTERFACE	SERVICE_EXIT		
2016-05-10	10:29:11	+0000	718980b5-1cbe-4c88-a633-a941cb1230de	2	POST create TaskExampleProcess process	0	OK	INTERFACE	SERVICE_ENTER		
2016-05-10	10:29:11	+0000	718980b5-1cbe-4c88-a633-a941cb1230de	2	POST create TaskExampleProcess process	10	OK	INTERFACE	SERVICE_EXIT		
2016-05-10	10:29:11	+0000	c1a63d3c-ac79-454c-b222-1e9aba036655	3	GET TaskExampleProcess processes	0	OK	INTERFACE	SERVICE_ENTER		
2016-05-10	10:29:11	+0000	c1a63d3c-ac79-454c-b222-1e9aba036655	3	GET TaskExampleProcess processes	0	OK	INTERFACE	SERVICE_EXIT		
2016-05-10	10:29:11	+0000	aa93d003-fda7-4b1a-b2d6-f348efbbbfe3	4	GET TaskExampleProcess processes	0	OK	INTERFACE	SERVICE_ENTER		
2016-05-10	10:29:11	+0000	aa93d003-fda7-4b1a-b2d6-f348efbbbfe3	4	GET TaskExampleProcess processes	0	OK	INTERFACE	SERVICE_EXIT		
2016-05-10	10:29:11	+0000	82e333c4-5be1-4718-86d8-239b4268de40	5	PUT MyStart message to TaskExampleProcess process	0	OK	INTERFACE	SERVICE_ENTER		
2016-05-10	10:29:11	+0000	82e333c4-5be1-4718-86d8-239b4268de40	5	PUT MyStart message to TaskExampleProcess process	0	ERROR	INTERFACE	SERVICE_EXIT		
2016-05-10	10:29:11	+0000	f8fc49d1-fcd4-4119-b0cb-a4fcdb9f329a	6	GET TaskExampleProcess processes	0	OK	INTERFACE	SERVICE_ENTER		
2016-05-10	10:29:11	+0000	f8fc49d1-fcd4-4119-b0cb-a4fcdb9f329a	6	GET TaskExampleProcess processes	0	OK	INTERFACE	SERVICE_EXIT		
2016-05-10	10:29:11	+0000	4a7a5a38-b25c-4cdc-9917-bc3560bf361b	7	POST create and start TaskExampleProcess process	0	OK	INTERFACE	SERVICE_ENTER		
2016-05-10	10:29:11	+0000	8cc893d5-e473-4301-a71a-b558125b489b	8	TaskExampleProcess	0	OK	PSTATE	TRANSITION_ENTER	MyStart	
2016-05-10	10:29:11	+0000	8cc893d5-e473-4301-a71a-b558125b489b	8	Process Start	0	OK	PROCESS_START	CUSTOM	TaskExampleProcess::_my_custom_id_1	MyStart
2016-05-10	10:29:11	+0000	8cc893d5-e473-4301-a71a-b558125b489b	8	TaskExampleProcess	0	OK	PSTATE	TRANSITION_EXIT	MyStart	
2016-05-10	10:29:11	+0000	03bc6b39-d437-4180-9889-525e3229e485	9	TaskExampleProcess	0	OK	PSTATE	TRANSITION_ENTER	MyTask	
2016-05-10	10:29:11	+0000	03bc6b39-d437-4180-9889-525e3229e485	9	Process State Start	0	OK	PROCESS_STATE_START	CUSTOM	TaskExampleProcess::_my_custom_id_1	MyTask
2016-05-10	10:29:11	+0000	03bc6b39-d437-4180-9889-525e3229e485	9	TaskExampleProcess	0	OK	PSTATE	TRANSITION_EXIT	MyTask	
2016-05-10	10:29:11	+0000	4a7a5a38-b25c-4cdc-9917-bc3560bf361b	7	POST create and start TaskExampleProcess process	10	OK	INTERFACE	SERVICE_EXIT		
2016-05-10	13:02:33	+0000	026efe01-0f00-4b6d-b088-c15fa0195915	1	GET TaskExampleProcess process	0	OK	INTERFACE	SERVICE_ENTER		
2016-05-10	13:02:33	+0000	026efe01-0f00-4b6d-b088-c15fa0195915	1	GET TaskExampleProcess process	20	OK	INTERFACE	SERVICE_EXIT		
2016-05-10	13:02:33	+0000	68baa8d9-45aa-4cdf-99b8-6b7dc9cdb2c9	2	POST create TaskExampleProcess process	0	OK	INTERFACE	SERVICE_ENTER		
2016-05-10	13:02:33	+0000	68baa8d9-45aa-4cdf-99b8-6b7dc9cdb2c9	2	POST create TaskExampleProcess process	10	OK	INTERFACE	SERVICE_EXIT		
2016-05-10	13:02:33	+0000	04c4e987-7970-4caa-9fc5-8c18903f9b6b	3	GET TaskExampleProcess processes	0	OK	INTERFACE	SERVICE_ENTER		
2016-05-10	13:02:33	+0000	04c4e987-7970-4caa-9fc5-8c18903f9b6b	3	GET TaskExampleProcess processes	5	OK	INTERFACE	SERVICE_EXIT		
2016-05-10	13:02:33	+0000	b30dcdc6-f050-4b6b-a5bb-b89bef728dcf	4	GET TaskExampleProcess processes	0	OK	INTERFACE	SERVICE_ENTER		
2016-05-10	13:02:33	+0000	b30dcdc6-f050-4b6b-a5bb-b89bef728dcf	4	GET TaskExampleProcess processes	3	OK	INTERFACE	SERVICE_EXIT		
2016-05-10	13:02:33	+0000	6ca7b174-190a-413b-9ed6-7d7fe7db92d9	5	PUT MyStart message to TaskExampleProcess process	0	OK	INTERFACE	SERVICE_ENTER		
2016-05-10	13:02:33	+0000	6ca7b174-190a-413b-9ed6-7d7fe7db92d9	5	PUT MyStart message to TaskExampleProcess process	4	ERROR	INTERFACE	SERVICE_EXIT		
2016-05-10	13:02:33	+0000	e5eeb82f-faf6-4203-a2a5-9489b1edfcc8	6	GET TaskExampleProcess processes	0	OK	INTERFACE	SERVICE_ENTER		
2016-05-10	13:02:33	+0000	e5eeb82f-faf6-4203-a2a5-9489b1edfcc8	6	GET TaskExampleProcess processes	1	OK	INTERFACE	SERVICE_EXIT		
2016-05-10	13:02:33	+0000	0da9d52c-a702-4780-84f0-ac4aac7b29cd	7	POST create and start TaskExampleProcess process	0	OK	INTERFACE	SERVICE_ENTER		
2016-05-10	13:02:33	+0000	ab6fac3a-0988-480b-bbc3-11f78fbbccd0	8	TaskExampleProcess	0	OK	PSTATE	TRANSITION_ENTER	MyStart	
2016-05-10	13:02:33	+0000	ab6fac3a-0988-480b-bbc3-11f78fbbccd0	8	Process Start	1	OK	PROCESS_START	CUSTOM	TaskExampleProcess::_my_custom_id_1	MyStart
2016-05-10	13:02:33	+0000	ab6fac3a-0988-480b-bbc3-11f78fbbccd0	8	TaskExampleProcess	3	OK	PSTATE	TRANSITION_EXIT	MyStart	
2016-05-10	13:02:33	+0000	ccd07b66-d87c-457c-9c5f-825a2b19fc18	9	TaskExampleProcess	0	OK	PSTATE	TRANSITION_ENTER	MyTask	
2016-05-10	13:02:33	+0000	ccd07b66-d87c-457c-9c5f-825a2b19fc18	9	Process State Start	1	OK	PROCESS_STATE_START	CUSTOM	TaskExampleProcess::_my_custom_id_1	MyTask
2016-05-10	13:02:33	+0000	ccd07b66-d87c-457c-9c5f-825a2b19fc18	9	TaskExampleProcess	2	OK	PSTATE	TRANSITION_EXIT	MyTask	
2016-05-10	13:02:33	+0000	0da9d52c-a702-4780-84f0-ac4aac7b29cd	7	POST create and start TaskExampleProcess process	16	OK	INTERFACE	SERVICE_EXIT		
2016-05-10	15:12:20	+0000	a9e79888-c250-4f62-9320-fd76e85d19aa	1	GET TaskExampleProcess process	0	OK	INTERFACE	SERVICE_ENTER		
2016-05-10	15:12:20	+0000	a9e79888-c250-4f62-9320-fd76e85d19aa	1	GET TaskExampleProcess process	55	OK	INTERFACE	SERVICE_EXIT		
2016-05-10	15:12:20	+0000	23e6eab1-98b7-42fb-b233-900a258de74c	2	POST create TaskExampleProcess process	0	OK	INTERFACE	SERVICE_ENTER		
2016-05-10	15:12:20	+0000	23e6eab1-98b7-42fb-b233-900a258de74c	2	POST create TaskExampleProcess process	10	OK	INTERFACE	SERVICE_EXIT		
2016-05-10	15:12:20	+0000	2e93884c-6e88-45bf-8546-1f40a3ce625e	3	GET TaskExampleProcess processes	0	OK	INTERFACE	SERVICE_ENTER		
2016-05-10	15:12:20	+0000	2e93884c-6e88-45bf-8546-1f40a3ce625e	3	GET TaskExampleProcess processes	0	OK	INTERFACE	SERVICE_EXIT		
2016-05-10	15:12:20	+0000	3e600885-8471-4e3e-98d6-e95e24ff8abd	4	GET TaskExampleProcess processes	0	OK	INTERFACE	SERVICE_ENTER		
2016-05-10	15:12:20	+0000	3e600885-8471-4e3e-98d6-e95e24ff8abd	4	GET TaskExampleProcess processes	0	OK	INTERFACE	SERVICE_EXIT		
2016-05-10	15:12:20	+0000	fa5e360f-8f8b-4012-811c-64065516a16a	5	PUT MyStart message to TaskExampleProcess process	0	OK	INTERFACE	SERVICE_ENTER		
2016-05-10	15:12:20	+0000	fa5e360f-8f8b-4012-811c-64065516a16a	5	PUT MyStart message to TaskExampleProcess process	0	ERROR	INTERFACE	SERVICE_EXIT		
2016-05-10	15:12:20	+0000	59940292-97e4-4efb-a3c5-aa2b34908ff3	6	GET TaskExampleProcess processes	0	OK	INTERFACE	SERVICE_ENTER		
2016-05-10	15:12:20	+0000	59940292-97e4-4efb-a3c5-aa2b34908ff3	6	GET TaskExampleProcess processes	0	OK	INTERFACE	SERVICE_EXIT		
2016-05-10	15:12:20	+0000	25b0ca57-2d8b-4758-9994-64e6a56f5d34	7	POST create and start TaskExampleProcess process	0	OK	INTERFACE	SERVICE_ENTER		
2016-05-10	15:12:20	+0000	4cced235-d0ae-4f37-bab7-c67a0137361f	8	TaskExampleProcess	0	OK	PSTATE	TRANSITION_ENTER	MyStart	
2016-05-10	15:12:20	+0000	4cced235-d0ae-4f37-bab7-c67a0137361f	8	Process Start	0	OK	PROCESS_START	CUSTOM	TaskExampleProcess::_my_custom_id_1	MyStart
2016-05-10	15:12:20	+0000	4cced235-d0ae-4f37-bab7-c67a0137361f	8	TaskExampleProcess	0	OK	PSTATE	TRANSITION_EXIT	MyStart	
2016-05-10	15:12:20	+0000	bc31cd39-ae02-48c3-92f0-ad4654c9c5ea	9	TaskExampleProcess	0	OK	PSTATE	TRANSITION_ENTER	MyTask	
2016-05-10	15:12:20	+0000	bc31cd39-ae02-48c3-92f0-ad4654c9c5ea	9	Process State Start	0	OK	PROCESS_STATE_START	CUSTOM	TaskExampleProcess::_my_custom_id_1	MyTask
2016-05-10	15:12:20	+0000	bc31cd39-ae02-48c3-92f0-ad4654c9c5ea	9	TaskExampleProcess	0	OK	PSTATE	TRANSITION_EXIT	MyTask	
2016-05-10	15:12:20	+0000	25b0ca57-2d8b-4758-9994-64e6a56f5d34	7	POST create and start TaskExampleProcess process	10	OK	INTERFACE	SERVICE_EXIT		
2016-05-10	16:25:46	+0000	5622e9c7-f4ba-49a7-9616-678c939bc623	1	GET TaskExampleProcess processes	0	OK	INTERFACE	SERVICE_ENTER		
2016-05-10	16:25:46	+0000	5622e9c7-f4ba-49a7-9616-678c939bc623	1	GET TaskExampleProcess processes	69	OK	INTERFACE	SERVICE_EXIT		
2016-05-10	16:25:46	+0000	9664fe01-eb8b-4a3c-a174-0c0fc86d27d3	2	GET TaskExampleProcess processes	0	OK	INTERFACE	SERVICE_ENTER		
2016-05-10	16:25:46	+0000	9664fe01-eb8b-4a3c-a174-0c0fc86d27d3	2	GET TaskExampleProcess processes	5	OK	INTERFACE	SERVICE_EXIT		
2016-05-10	16:25:46	+0000	5ea97aa9-5f30-4d76-a588-df6330f41745	3	POST create TaskExampleProcess process	0	OK	INTERFACE	SERVICE_ENTER		
2016-05-10	16:25:46	+0000	5ea97aa9-5f30-4d76-a588-df6330f41745	3	POST create TaskExampleProcess process	9	OK	INTERFACE	SERVICE_EXIT		
2016-05-10	16:25:46	+0000	fed88932-accf-417c-bf39-b3645e483cd5	4	GET TaskExampleProcess process	0	OK	INTERFACE	SERVICE_ENTER		
2016-05-10	16:25:46	+0000	fed88932-accf-417c-bf39-b3645e483cd5	4	GET TaskExampleProcess process	1	OK	INTERFACE	SERVICE_EXIT		
2016-05-10	16:25:46	+0000	d1182cee-453c-4c98-8883-93cdb08f8ef5	5	PUT MyStart message to TaskExampleProcess process	0	OK	INTERFACE	SERVICE_ENTER		
2016-05-10	16:25:46	+0000	d1182cee-453c-4c98-8883-93cdb08f8ef5	5	PUT MyStart message to TaskExampleProcess process	4	ERROR	INTERFACE	SERVICE_EXIT		
2016-05-10	16:25:46	+0000	73f254e9-b051-4ae4-ba2d-bad4ecbd74a2	6	GET TaskExampleProcess processes	0	OK	INTERFACE	SERVICE_ENTER		
2016-05-10	16:25:46	+0000	73f254e9-b051-4ae4-ba2d-bad4ecbd74a2	6	GET TaskExampleProcess processes	3	OK	INTERFACE	SERVICE_EXIT		
2016-05-10	16:25:46	+0000	3a898ef5-25df-42e1-8731-951486370b92	7	POST create and start TaskExampleProcess process	0	OK	INTERFACE	SERVICE_ENTER		
2016-05-10	16:25:46	+0000	46a84681-2a71-411a-8d32-30c8a8ed15fe	8	TaskExampleProcess	0	OK	PSTATE	TRANSITION_ENTER	MyStart	
2016-05-10	16:25:46	+0000	46a84681-2a71-411a-8d32-30c8a8ed15fe	8	Process Start	1	OK	PROCESS_START	CUSTOM	TaskExampleProcess::_my_custom_id_1	MyStart
2016-05-10	16:25:46	+0000	46a84681-2a71-411a-8d32-30c8a8ed15fe	8	TaskExampleProcess	3	OK	PSTATE	TRANSITION_EXIT	MyStart	
2016-05-10	16:25:46	+0000	9c16d329-f35c-43f6-841c-e8f575d495d8	9	TaskExampleProcess	0	OK	PSTATE	TRANSITION_ENTER	MyTask	
2016-05-10	16:25:46	+0000	9c16d329-f35c-43f6-841c-e8f575d495d8	9	Process State Start	1	OK	PROCESS_STATE_START	CUSTOM	TaskExampleProcess::_my_custom_id_1	MyTask
2016-05-10	16:25:46	+0000	9c16d329-f35c-43f6-841c-e8f575d495d8	9	TaskExampleProcess	2	OK	PSTATE	TRANSITION_EXIT	MyTask	
2016-05-10	16:25:46	+0000	3a898ef5-25df-42e1-8731-951486370b92	7	POST create and start TaskExampleProcess process	14	OK	INTERFACE	SERVICE_EXIT		
