2016-05-11	11:16:13	+0000	71797671-9591-43fd-94d9-957da255f11c	1	GET TaskExampleProcess process	0	OK	INTERFACE	SERVICE_ENTER		
2016-05-11	11:16:13	+0000	71797671-9591-43fd-94d9-957da255f11c	1	GET TaskExampleProcess process	20	OK	INTERFACE	SERVICE_EXIT		
2016-05-11	11:16:13	+0000	0743a545-512f-40ec-8514-58364be8af5f	2	POST create TaskExampleProcess process	0	OK	INTERFACE	SERVICE_ENTER		
2016-05-11	11:16:13	+0000	0743a545-512f-40ec-8514-58364be8af5f	2	POST create TaskExampleProcess process	10	OK	INTERFACE	SERVICE_EXIT		
2016-05-11	11:16:13	+0000	62fba743-7c72-469e-be4f-83cd54653075	3	GET TaskExampleProcess processes	0	OK	INTERFACE	SERVICE_ENTER		
2016-05-11	11:16:13	+0000	62fba743-7c72-469e-be4f-83cd54653075	3	GET TaskExampleProcess processes	0	OK	INTERFACE	SERVICE_EXIT		
2016-05-11	11:16:13	+0000	3861fcd4-7d63-4e12-adc8-8c96d147062b	4	GET TaskExampleProcess processes	0	OK	INTERFACE	SERVICE_ENTER		
2016-05-11	11:16:13	+0000	3861fcd4-7d63-4e12-adc8-8c96d147062b	4	GET TaskExampleProcess processes	10	OK	INTERFACE	SERVICE_EXIT		
2016-05-11	11:16:13	+0000	ee175d8c-80bc-401e-9d06-5d4c40e354bb	5	PUT MyStart message to TaskExampleProcess process	0	OK	INTERFACE	SERVICE_ENTER		
2016-05-11	11:16:13	+0000	ee175d8c-80bc-401e-9d06-5d4c40e354bb	5	PUT MyStart message to TaskExampleProcess process	0	ERROR	INTERFACE	SERVICE_EXIT		
2016-05-11	11:16:13	+0000	5aebb0ad-3525-49a5-877a-a51f70e06e0a	6	GET TaskExampleProcess processes	0	OK	INTERFACE	SERVICE_ENTER		
2016-05-11	11:16:13	+0000	5aebb0ad-3525-49a5-877a-a51f70e06e0a	6	GET TaskExampleProcess processes	10	OK	INTERFACE	SERVICE_EXIT		
2016-05-11	11:16:13	+0000	785c98dd-3395-4d52-b0f4-606394e3a94d	7	POST create and start TaskExampleProcess process	0	OK	INTERFACE	SERVICE_ENTER		
2016-05-11	11:16:13	+0000	fa80915a-6396-497f-ac82-9113f674bf09	8	TaskExampleProcess	0	OK	PSTATE	TRANSITION_ENTER	MyStart	
2016-05-11	11:16:13	+0000	fa80915a-6396-497f-ac82-9113f674bf09	8	Process Start	0	OK	PROCESS_START	CUSTOM	TaskExampleProcess::_my_custom_id_1	MyStart
2016-05-11	11:16:13	+0000	fa80915a-6396-497f-ac82-9113f674bf09	8	TaskExampleProcess	10	OK	PSTATE	TRANSITION_EXIT	MyStart	
2016-05-11	11:16:13	+0000	9ead571d-5abe-4fb7-a548-cf9333cd5c29	9	TaskExampleProcess	0	OK	PSTATE	TRANSITION_ENTER	MyTask	
2016-05-11	11:16:13	+0000	9ead571d-5abe-4fb7-a548-cf9333cd5c29	9	Process State Start	0	OK	PROCESS_STATE_START	CUSTOM	TaskExampleProcess::_my_custom_id_1	MyTask
2016-05-11	11:16:13	+0000	9ead571d-5abe-4fb7-a548-cf9333cd5c29	9	TaskExampleProcess	0	OK	PSTATE	TRANSITION_EXIT	MyTask	
2016-05-11	11:16:13	+0000	785c98dd-3395-4d52-b0f4-606394e3a94d	7	POST create and start TaskExampleProcess process	10	OK	INTERFACE	SERVICE_EXIT		
2016-05-11	11:19:20	+0000	3e821426-90e6-40c1-a728-e25371865a86	10	GET  processes	0	OK	INTERFACE	SERVICE_ENTER		
2016-05-11	11:19:20	+0000	3e821426-90e6-40c1-a728-e25371865a86	10	GET  processes	2	OK	INTERFACE	SERVICE_EXIT		
2016-05-11	11:19:23	+0000	43341967-8d70-428c-9240-3ca6321abbe4	11	GET  processes	0	OK	INTERFACE	SERVICE_ENTER		
2016-05-11	11:19:23	+0000	43341967-8d70-428c-9240-3ca6321abbe4	11	GET  processes	1	OK	INTERFACE	SERVICE_EXIT		
