2016-05-05	13:19:42	+0000	6bf130b5-cf23-469f-b13c-d15b6b97f4cb	1	GET TaskExampleProcess process	0	OK	INTERFACE	SERVICE_ENTER		
2016-05-05	13:19:42	+0000	6bf130b5-cf23-469f-b13c-d15b6b97f4cb	1	GET TaskExampleProcess process	27	OK	INTERFACE	SERVICE_EXIT		
2016-05-05	13:19:42	+0000	858f5915-cf92-486d-9bc9-2e971f2ce4e6	2	POST create TaskExampleProcess process	0	OK	INTERFACE	SERVICE_ENTER		
2016-05-05	13:19:42	+0000	858f5915-cf92-486d-9bc9-2e971f2ce4e6	2	POST create TaskExampleProcess process	10	OK	INTERFACE	SERVICE_EXIT		
2016-05-05	13:19:42	+0000	e7fed240-0761-4b90-a273-ed8848a2e223	3	GET TaskExampleProcess processes	0	OK	INTERFACE	SERVICE_ENTER		
2016-05-05	13:19:42	+0000	e7fed240-0761-4b90-a273-ed8848a2e223	3	GET TaskExampleProcess processes	5	OK	INTERFACE	SERVICE_EXIT		
2016-05-05	13:19:42	+0000	26574a38-e579-47f5-b9c6-c5dfa321b750	4	GET TaskExampleProcess processes	0	OK	INTERFACE	SERVICE_ENTER		
2016-05-05	13:19:42	+0000	26574a38-e579-47f5-b9c6-c5dfa321b750	4	GET TaskExampleProcess processes	2	OK	INTERFACE	SERVICE_EXIT		
2016-05-05	13:19:42	+0000	7ce71fb1-4cde-4258-befc-41f6d4da3543	5	PUT MyStart message to TaskExampleProcess process	0	OK	INTERFACE	SERVICE_ENTER		
2016-05-05	13:19:42	+0000	7ce71fb1-4cde-4258-befc-41f6d4da3543	5	PUT MyStart message to TaskExampleProcess process	5	ERROR	INTERFACE	SERVICE_EXIT		
2016-05-05	13:19:42	+0000	0390782d-dad8-44b8-bb3a-2b9058b2cee3	6	GET TaskExampleProcess processes	0	OK	INTERFACE	SERVICE_ENTER		
2016-05-05	13:19:42	+0000	0390782d-dad8-44b8-bb3a-2b9058b2cee3	6	GET TaskExampleProcess processes	1	OK	INTERFACE	SERVICE_EXIT		
2016-05-05	13:19:42	+0000	5b01920b-7483-450c-b779-4e71328713aa	7	POST create and start TaskExampleProcess process	0	OK	INTERFACE	SERVICE_ENTER		
2016-05-05	13:19:42	+0000	6f048adf-9191-449b-b3e0-d3207cf32be9	8	TaskExampleProcess	0	OK	PSTATE	TRANSITION_ENTER	MyStart	
2016-05-05	13:19:42	+0000	6f048adf-9191-449b-b3e0-d3207cf32be9	8	Process Start	1	OK	PROCESS_START	CUSTOM	TaskExampleProcess::_my_custom_id_1	MyStart
2016-05-05	13:19:42	+0000	6f048adf-9191-449b-b3e0-d3207cf32be9	8	TaskExampleProcess	4	OK	PSTATE	TRANSITION_EXIT	MyStart	
2016-05-05	13:19:42	+0000	ccf28774-87e8-44f1-9991-377bbea46b76	9	TaskExampleProcess	0	OK	PSTATE	TRANSITION_ENTER	MyTask	
2016-05-05	13:19:42	+0000	ccf28774-87e8-44f1-9991-377bbea46b76	9	Process State Start	1	OK	PROCESS_STATE_START	CUSTOM	TaskExampleProcess::_my_custom_id_1	MyTask
2016-05-05	13:19:42	+0000	ccf28774-87e8-44f1-9991-377bbea46b76	9	TaskExampleProcess	2	OK	PSTATE	TRANSITION_EXIT	MyTask	
2016-05-05	13:19:42	+0000	5b01920b-7483-450c-b779-4e71328713aa	7	POST create and start TaskExampleProcess process	15	OK	INTERFACE	SERVICE_EXIT		
2016-05-05	13:22:02	+0000	1c3e59bd-a29f-4541-9f10-0e33a6fdc965	10	GET TaskExampleProcess processes	0	OK	INTERFACE	SERVICE_ENTER		
2016-05-05	13:22:02	+0000	1c3e59bd-a29f-4541-9f10-0e33a6fdc965	10	GET TaskExampleProcess processes	4	OK	INTERFACE	SERVICE_EXIT		
2016-05-05	13:25:56	+0000	65127897-5f03-427b-936e-e230cb5edc09	1	GET TaskExampleProcess processes	0	OK	INTERFACE	SERVICE_ENTER		
2016-05-05	13:25:56	+0000	65127897-5f03-427b-936e-e230cb5edc09	1	GET TaskExampleProcess processes	13	OK	INTERFACE	SERVICE_EXIT		
2016-05-05	13:25:56	+0000	b494305a-e641-4fd0-b1a5-ae3c3ad0dbd5	2	POST create TaskExampleProcess process	0	OK	INTERFACE	SERVICE_ENTER		
2016-05-05	13:25:56	+0000	b494305a-e641-4fd0-b1a5-ae3c3ad0dbd5	2	POST create TaskExampleProcess process	13	OK	INTERFACE	SERVICE_EXIT		
2016-05-05	13:25:56	+0000	d916dfb1-702e-495e-a10c-641ade036c7c	3	GET TaskExampleProcess process	0	OK	INTERFACE	SERVICE_ENTER		
2016-05-05	13:25:56	+0000	d916dfb1-702e-495e-a10c-641ade036c7c	3	GET TaskExampleProcess process	3	OK	INTERFACE	SERVICE_EXIT		
2016-05-05	13:25:56	+0000	630c0878-3e29-44b9-b101-72c756143a9c	4	GET TaskExampleProcess processes	0	OK	INTERFACE	SERVICE_ENTER		
2016-05-05	13:25:56	+0000	630c0878-3e29-44b9-b101-72c756143a9c	4	GET TaskExampleProcess processes	4	OK	INTERFACE	SERVICE_EXIT		
2016-05-05	13:25:56	+0000	150baba5-e9fc-4a5e-bae8-4c63fcfca966	5	PUT MyStart message to TaskExampleProcess process	0	OK	INTERFACE	SERVICE_ENTER		
2016-05-05	13:25:56	+0000	150baba5-e9fc-4a5e-bae8-4c63fcfca966	5	PUT MyStart message to TaskExampleProcess process	5	ERROR	INTERFACE	SERVICE_EXIT		
2016-05-05	13:25:56	+0000	9000f39a-6775-48c2-b496-506f0ba8672f	6	GET TaskExampleProcess processes	0	OK	INTERFACE	SERVICE_ENTER		
2016-05-05	13:25:56	+0000	9000f39a-6775-48c2-b496-506f0ba8672f	6	GET TaskExampleProcess processes	2	OK	INTERFACE	SERVICE_EXIT		
2016-05-05	13:25:56	+0000	176777f5-0b7f-4471-865e-649691724fa3	7	POST create and start TaskExampleProcess process	0	OK	INTERFACE	SERVICE_ENTER		
2016-05-05	13:25:56	+0000	9ef88ad2-08d3-468b-95cd-f8a54779fc93	8	TaskExampleProcess	0	OK	PSTATE	TRANSITION_ENTER	MyStart	
2016-05-05	13:25:56	+0000	9ef88ad2-08d3-468b-95cd-f8a54779fc93	8	Process Start	2	OK	PROCESS_START	CUSTOM	TaskExampleProcess::_my_custom_id_1	MyStart
2016-05-05	13:25:56	+0000	9ef88ad2-08d3-468b-95cd-f8a54779fc93	8	TaskExampleProcess	5	OK	PSTATE	TRANSITION_EXIT	MyStart	
2016-05-05	13:25:56	+0000	deaacaf5-6a62-40a1-a894-6599fc0ff63d	9	TaskExampleProcess	0	OK	PSTATE	TRANSITION_ENTER	MyTask	
2016-05-05	13:25:56	+0000	deaacaf5-6a62-40a1-a894-6599fc0ff63d	9	Process State Start	1	OK	PROCESS_STATE_START	CUSTOM	TaskExampleProcess::_my_custom_id_1	MyTask
2016-05-05	13:25:56	+0000	deaacaf5-6a62-40a1-a894-6599fc0ff63d	9	TaskExampleProcess	3	OK	PSTATE	TRANSITION_EXIT	MyTask	
2016-05-05	13:25:56	+0000	176777f5-0b7f-4471-865e-649691724fa3	7	POST create and start TaskExampleProcess process	20	OK	INTERFACE	SERVICE_EXIT		
2016-05-05	13:25:59	+0000	e2fd2793-0e20-496e-b761-36f82547d237	10	GET TaskExampleProcess processes	0	OK	INTERFACE	SERVICE_ENTER		
2016-05-05	13:25:59	+0000	e2fd2793-0e20-496e-b761-36f82547d237	10	GET TaskExampleProcess processes	4	OK	INTERFACE	SERVICE_EXIT		
2016-05-05	13:26:00	+0000	dea800a8-cca7-49a2-821c-e5b8c6d0bfa8	11	GET favicon.ico processes	0	OK	INTERFACE	SERVICE_ENTER		
2016-05-05	13:26:00	+0000	dea800a8-cca7-49a2-821c-e5b8c6d0bfa8	11	GET favicon.ico processes	2	OK	INTERFACE	SERVICE_EXIT		
2016-05-05	13:26:00	+0000	ddf16672-0ada-4415-9913-6f4fafcf5529	12	GET favicon.ico processes	0	OK	INTERFACE	SERVICE_ENTER		
2016-05-05	13:26:00	+0000	ddf16672-0ada-4415-9913-6f4fafcf5529	12	GET favicon.ico processes	1	OK	INTERFACE	SERVICE_EXIT		
2016-05-05	15:12:11	+0000	cc4d714e-b1a4-4b97-94a6-ccc382208484	1	GET TaskExampleProcess process	0	OK	INTERFACE	SERVICE_ENTER		
2016-05-05	15:12:11	+0000	cc4d714e-b1a4-4b97-94a6-ccc382208484	1	GET TaskExampleProcess process	12	OK	INTERFACE	SERVICE_EXIT		
2016-05-05	15:12:11	+0000	b93e905e-11f7-4bc1-8946-dfc52934ed01	2	POST create TaskExampleProcess process	0	OK	INTERFACE	SERVICE_ENTER		
2016-05-05	15:12:11	+0000	b93e905e-11f7-4bc1-8946-dfc52934ed01	2	POST create TaskExampleProcess process	11	OK	INTERFACE	SERVICE_EXIT		
2016-05-05	15:12:11	+0000	772c3412-9994-4a2e-8802-f2ab8801a737	3	GET TaskExampleProcess processes	0	OK	INTERFACE	SERVICE_ENTER		
2016-05-05	15:12:11	+0000	772c3412-9994-4a2e-8802-f2ab8801a737	3	GET TaskExampleProcess processes	6	OK	INTERFACE	SERVICE_EXIT		
2016-05-05	15:12:11	+0000	e639538d-c11b-4cc8-beac-5cea45ee0570	4	GET TaskExampleProcess processes	0	OK	INTERFACE	SERVICE_ENTER		
2016-05-05	15:12:11	+0000	e639538d-c11b-4cc8-beac-5cea45ee0570	4	GET TaskExampleProcess processes	2	OK	INTERFACE	SERVICE_EXIT		
2016-05-05	15:12:11	+0000	0b3a3a2b-f979-46d8-b98f-e4df44d90f6c	5	GET TaskExampleProcess processes	0	OK	INTERFACE	SERVICE_ENTER		
2016-05-05	15:12:11	+0000	0b3a3a2b-f979-46d8-b98f-e4df44d90f6c	5	GET TaskExampleProcess processes	2	OK	INTERFACE	SERVICE_EXIT		
2016-05-05	15:12:11	+0000	6e26ccd8-01b6-4c6c-8c74-e6727c1d7293	6	PUT MyStart message to TaskExampleProcess process	0	OK	INTERFACE	SERVICE_ENTER		
2016-05-05	15:12:11	+0000	6e26ccd8-01b6-4c6c-8c74-e6727c1d7293	6	PUT MyStart message to TaskExampleProcess process	5	ERROR	INTERFACE	SERVICE_EXIT		
2016-05-05	15:12:11	+0000	a7a2f74e-f278-4bb8-b1da-c42c1b0b3580	7	POST create and start TaskExampleProcess process	0	OK	INTERFACE	SERVICE_ENTER		
2016-05-05	15:12:11	+0000	1b1c4755-28ad-4ca6-b420-674770a203b1	8	TaskExampleProcess	0	OK	PSTATE	TRANSITION_ENTER	MyStart	
2016-05-05	15:12:11	+0000	1b1c4755-28ad-4ca6-b420-674770a203b1	8	Process Start	1	OK	PROCESS_START	CUSTOM	TaskExampleProcess::_my_custom_id_1	MyStart
2016-05-05	15:12:11	+0000	1b1c4755-28ad-4ca6-b420-674770a203b1	8	TaskExampleProcess	4	OK	PSTATE	TRANSITION_EXIT	MyStart	
2016-05-05	15:12:11	+0000	ebc35bef-2d9a-4a68-8d7a-97668f523d8d	9	TaskExampleProcess	0	OK	PSTATE	TRANSITION_ENTER	MyTask	
2016-05-05	15:12:11	+0000	ebc35bef-2d9a-4a68-8d7a-97668f523d8d	9	Process State Start	1	OK	PROCESS_STATE_START	CUSTOM	TaskExampleProcess::_my_custom_id_1	MyTask
2016-05-05	15:12:11	+0000	ebc35bef-2d9a-4a68-8d7a-97668f523d8d	9	TaskExampleProcess	2	OK	PSTATE	TRANSITION_EXIT	MyTask	
2016-05-05	15:12:11	+0000	a7a2f74e-f278-4bb8-b1da-c42c1b0b3580	7	POST create and start TaskExampleProcess process	16	OK	INTERFACE	SERVICE_EXIT		
2016-05-05	15:12:14	+0000	8444f6e1-109d-4ce9-96c3-78b49102f89b	10	GET TaskExampleProcess processes	0	OK	INTERFACE	SERVICE_ENTER		
2016-05-05	15:12:14	+0000	8444f6e1-109d-4ce9-96c3-78b49102f89b	10	GET TaskExampleProcess processes	4	OK	INTERFACE	SERVICE_EXIT		
