2016-05-08	23:26:38	+0000	3fd2d89c-3275-4bd5-a4a6-a859489ae597	1	GET TaskExampleProcess process	0	OK	INTERFACE	SERVICE_ENTER		
2016-05-08	23:26:38	+0000	3fd2d89c-3275-4bd5-a4a6-a859489ae597	1	GET TaskExampleProcess process	40	OK	INTERFACE	SERVICE_EXIT		
2016-05-08	23:26:38	+0000	954c0211-cdd2-4608-bfb5-30ca3285c0e7	2	POST create TaskExampleProcess process	0	OK	INTERFACE	SERVICE_ENTER		
2016-05-08	23:26:38	+0000	954c0211-cdd2-4608-bfb5-30ca3285c0e7	2	POST create TaskExampleProcess process	20	OK	INTERFACE	SERVICE_EXIT		
2016-05-08	23:26:38	+0000	d6a43d52-37bf-4e0a-ae44-e1cfb02c1983	3	GET TaskExampleProcess processes	0	OK	INTERFACE	SERVICE_ENTER		
2016-05-08	23:26:38	+0000	d6a43d52-37bf-4e0a-ae44-e1cfb02c1983	3	GET TaskExampleProcess processes	10	OK	INTERFACE	SERVICE_EXIT		
2016-05-08	23:26:38	+0000	a26723b6-7797-43d4-9c99-8c2542e2cb17	4	GET TaskExampleProcess processes	0	OK	INTERFACE	SERVICE_ENTER		
2016-05-08	23:26:38	+0000	a26723b6-7797-43d4-9c99-8c2542e2cb17	4	GET TaskExampleProcess processes	0	OK	INTERFACE	SERVICE_EXIT		
2016-05-08	23:26:38	+0000	f57952fb-0fb6-49ad-9c77-7282a612c38c	5	PUT MyStart message to TaskExampleProcess process	0	OK	INTERFACE	SERVICE_ENTER		
2016-05-08	23:26:38	+0000	f57952fb-0fb6-49ad-9c77-7282a612c38c	5	PUT MyStart message to TaskExampleProcess process	10	ERROR	INTERFACE	SERVICE_EXIT		
2016-05-08	23:26:38	+0000	39045002-db5c-45f2-870c-faef50e775c7	6	GET TaskExampleProcess processes	0	OK	INTERFACE	SERVICE_ENTER		
2016-05-08	23:26:38	+0000	39045002-db5c-45f2-870c-faef50e775c7	6	GET TaskExampleProcess processes	0	OK	INTERFACE	SERVICE_EXIT		
2016-05-08	23:26:38	+0000	67dd4fc2-e21e-4331-be15-9cc3a5010fdb	7	POST create and start TaskExampleProcess process	0	OK	INTERFACE	SERVICE_ENTER		
2016-05-08	23:26:38	+0000	d8239d37-31f4-4a20-bbd0-b5fcc29004f2	8	TaskExampleProcess	0	OK	PSTATE	TRANSITION_ENTER	MyStart	
2016-05-08	23:26:38	+0000	d8239d37-31f4-4a20-bbd0-b5fcc29004f2	8	Process Start	0	OK	PROCESS_START	CUSTOM	TaskExampleProcess::_my_custom_id_1	MyStart
2016-05-08	23:26:38	+0000	d8239d37-31f4-4a20-bbd0-b5fcc29004f2	8	TaskExampleProcess	0	OK	PSTATE	TRANSITION_EXIT	MyStart	
2016-05-08	23:26:38	+0000	8972ddfc-63ac-43f5-a8af-b11c026bc825	9	TaskExampleProcess	0	OK	PSTATE	TRANSITION_ENTER	MyTask	
2016-05-08	23:26:38	+0000	8972ddfc-63ac-43f5-a8af-b11c026bc825	9	Process State Start	0	OK	PROCESS_STATE_START	CUSTOM	TaskExampleProcess::_my_custom_id_1	MyTask
2016-05-08	23:26:38	+0000	8972ddfc-63ac-43f5-a8af-b11c026bc825	9	TaskExampleProcess	0	OK	PSTATE	TRANSITION_EXIT	MyTask	
2016-05-08	23:26:38	+0000	67dd4fc2-e21e-4331-be15-9cc3a5010fdb	7	POST create and start TaskExampleProcess process	20	OK	INTERFACE	SERVICE_EXIT		
2016-05-08	23:37:31	+0000	2538b86b-fc69-42a0-a332-e9ddba4d14b7	1	GET TaskExampleProcess process	0	OK	INTERFACE	SERVICE_ENTER		
2016-05-08	23:37:31	+0000	2538b86b-fc69-42a0-a332-e9ddba4d14b7	1	GET TaskExampleProcess process	10	OK	INTERFACE	SERVICE_EXIT		
2016-05-08	23:37:31	+0000	12fb2352-b9d8-43c4-8f01-9be20560e7b0	2	POST create TaskExampleProcess process	0	OK	INTERFACE	SERVICE_ENTER		
2016-05-08	23:37:31	+0000	12fb2352-b9d8-43c4-8f01-9be20560e7b0	2	POST create TaskExampleProcess process	10	OK	INTERFACE	SERVICE_EXIT		
2016-05-08	23:37:31	+0000	0c13fc61-04d0-47c7-8691-98cc94ca9989	3	GET TaskExampleProcess processes	0	OK	INTERFACE	SERVICE_ENTER		
2016-05-08	23:37:31	+0000	0c13fc61-04d0-47c7-8691-98cc94ca9989	3	GET TaskExampleProcess processes	0	OK	INTERFACE	SERVICE_EXIT		
2016-05-08	23:37:31	+0000	a798c583-ade1-4d4b-8189-cb776e60565d	4	GET TaskExampleProcess processes	0	OK	INTERFACE	SERVICE_ENTER		
2016-05-08	23:37:31	+0000	a798c583-ade1-4d4b-8189-cb776e60565d	4	GET TaskExampleProcess processes	0	OK	INTERFACE	SERVICE_EXIT		
2016-05-08	23:37:31	+0000	fa4fbdc0-8c12-43aa-b0f9-4290e4ebd388	5	PUT MyStart message to TaskExampleProcess process	0	OK	INTERFACE	SERVICE_ENTER		
2016-05-08	23:37:31	+0000	fa4fbdc0-8c12-43aa-b0f9-4290e4ebd388	5	PUT MyStart message to TaskExampleProcess process	0	ERROR	INTERFACE	SERVICE_EXIT		
2016-05-08	23:37:31	+0000	d2c4d7aa-e0a1-43fb-ab1f-567214d83556	6	GET TaskExampleProcess processes	0	OK	INTERFACE	SERVICE_ENTER		
2016-05-08	23:37:31	+0000	d2c4d7aa-e0a1-43fb-ab1f-567214d83556	6	GET TaskExampleProcess processes	0	OK	INTERFACE	SERVICE_EXIT		
2016-05-08	23:37:31	+0000	a1afed76-3283-451b-b136-66897b13dd21	7	POST create and start TaskExampleProcess process	0	OK	INTERFACE	SERVICE_ENTER		
2016-05-08	23:37:31	+0000	38128810-3bf4-406c-9fd6-3c648e887c5c	8	TaskExampleProcess	0	OK	PSTATE	TRANSITION_ENTER	MyStart	
2016-05-08	23:37:31	+0000	38128810-3bf4-406c-9fd6-3c648e887c5c	8	Process Start	10	OK	PROCESS_START	CUSTOM	TaskExampleProcess::_my_custom_id_1	MyStart
2016-05-08	23:37:31	+0000	38128810-3bf4-406c-9fd6-3c648e887c5c	8	TaskExampleProcess	10	OK	PSTATE	TRANSITION_EXIT	MyStart	
2016-05-08	23:37:31	+0000	4b8b4e53-3b22-4895-ac73-b35480c3ade4	9	TaskExampleProcess	0	OK	PSTATE	TRANSITION_ENTER	MyTask	
2016-05-08	23:37:31	+0000	4b8b4e53-3b22-4895-ac73-b35480c3ade4	9	Process State Start	0	OK	PROCESS_STATE_START	CUSTOM	TaskExampleProcess::_my_custom_id_1	MyTask
2016-05-08	23:37:31	+0000	4b8b4e53-3b22-4895-ac73-b35480c3ade4	9	TaskExampleProcess	0	OK	PSTATE	TRANSITION_EXIT	MyTask	
2016-05-08	23:37:31	+0000	a1afed76-3283-451b-b136-66897b13dd21	7	POST create and start TaskExampleProcess process	10	OK	INTERFACE	SERVICE_EXIT		
2016-05-08	23:39:23	+0000	f5829b53-fa85-4107-83e7-07883bd09d78	10	GET  processes	0	OK	INTERFACE	SERVICE_ENTER		
2016-05-08	23:39:23	+0000	f5829b53-fa85-4107-83e7-07883bd09d78	10	GET  processes	3	OK	INTERFACE	SERVICE_EXIT		
2016-05-08	23:39:45	+0000	4c482eca-c495-4f63-ab84-84be146f9590	11	GET TaskExampleProcess processes	0	OK	INTERFACE	SERVICE_ENTER		
2016-05-08	23:39:45	+0000	4c482eca-c495-4f63-ab84-84be146f9590	11	GET TaskExampleProcess processes	0	OK	INTERFACE	SERVICE_EXIT		
2016-05-08	23:40:09	+0000	8689a5f2-35ca-4ec7-bb64-b51e9836cd63	12	GET TaskExampleProcess process	0	OK	INTERFACE	SERVICE_ENTER		
2016-05-08	23:40:09	+0000	8689a5f2-35ca-4ec7-bb64-b51e9836cd63	12	GET TaskExampleProcess process	0	OK	INTERFACE	SERVICE_EXIT		
2016-05-08	23:40:14	+0000	902029ca-e4f0-4779-af62-9db0ea5fff74	13	GET TaskExampleProcess processes	0	OK	INTERFACE	SERVICE_ENTER		
2016-05-08	23:40:14	+0000	902029ca-e4f0-4779-af62-9db0ea5fff74	13	GET TaskExampleProcess processes	12	OK	INTERFACE	SERVICE_EXIT		
