2016-04-30	09:07:29	+0000	a488f0c0-79cf-4a1e-a308-95da95c9205f	1	POST create and start TaskExampleProcess process	0	OK	INTERFACE	SERVICE_ENTER		
2016-04-30	09:07:29	+0000	19804fed-405c-4cd2-b6c3-c0bf9385dc87	2	TaskExampleProcess	0	OK	PSTATE	TRANSITION_ENTER	MyStart	
2016-04-30	09:07:29	+0000	19804fed-405c-4cd2-b6c3-c0bf9385dc87	2	Process Start	0	OK	PROCESS_START	CUSTOM	TaskExampleProcess::_my_custom_id_0	MyStart
2016-04-30	09:07:29	+0000	19804fed-405c-4cd2-b6c3-c0bf9385dc87	2	TaskExampleProcess	0	OK	PSTATE	TRANSITION_EXIT	MyStart	
2016-04-30	09:07:29	+0000	7b7367ba-489d-460c-ab05-934dcdcf2681	3	TaskExampleProcess	0	OK	PSTATE	TRANSITION_ENTER	MyTask	
2016-04-30	09:07:29	+0000	7b7367ba-489d-460c-ab05-934dcdcf2681	3	Process State Start	0	OK	PROCESS_STATE_START	CUSTOM	TaskExampleProcess::_my_custom_id_0	MyTask
2016-04-30	09:07:29	+0000	7b7367ba-489d-460c-ab05-934dcdcf2681	3	TaskExampleProcess	10	OK	PSTATE	TRANSITION_EXIT	MyTask	
2016-04-30	09:07:29	+0000	a488f0c0-79cf-4a1e-a308-95da95c9205f	1	POST create and start TaskExampleProcess process	30	OK	INTERFACE	SERVICE_EXIT		
2016-04-30	10:02:43	+0000	2b1dcf2f-2a87-4357-9233-283f7f28fdad	1	POST create and start TaskExampleProcess process	0	OK	INTERFACE	SERVICE_ENTER		
2016-04-30	10:02:43	+0000	7fd36654-93ff-4644-9f6a-9e2af398d713	2	TaskExampleProcess	0	OK	PSTATE	TRANSITION_ENTER	MyStart	
2016-04-30	10:02:43	+0000	7fd36654-93ff-4644-9f6a-9e2af398d713	2	Process Start	0	OK	PROCESS_START	CUSTOM	TaskExampleProcess::_my_custom_id_0	MyStart
2016-04-30	10:02:43	+0000	7fd36654-93ff-4644-9f6a-9e2af398d713	2	TaskExampleProcess	0	OK	PSTATE	TRANSITION_EXIT	MyStart	
2016-04-30	10:02:43	+0000	84396c8d-d71a-4d2e-a435-667d9b37f474	3	TaskExampleProcess	0	OK	PSTATE	TRANSITION_ENTER	MyTask	
2016-04-30	10:02:43	+0000	84396c8d-d71a-4d2e-a435-667d9b37f474	3	Process State Start	0	OK	PROCESS_STATE_START	CUSTOM	TaskExampleProcess::_my_custom_id_0	MyTask
2016-04-30	10:02:43	+0000	84396c8d-d71a-4d2e-a435-667d9b37f474	3	TaskExampleProcess	0	OK	PSTATE	TRANSITION_EXIT	MyTask	
2016-04-30	10:02:43	+0000	2b1dcf2f-2a87-4357-9233-283f7f28fdad	1	POST create and start TaskExampleProcess process	30	OK	INTERFACE	SERVICE_EXIT		
2016-04-30	11:05:51	+0000	b7e701da-6cb5-4447-88c8-0ad3e6b42e77	1	POST create and start TaskExampleProcess process	0	OK	INTERFACE	SERVICE_ENTER		
2016-04-30	11:05:51	+0000	62d42b4d-27c0-4bfe-a359-4844ae76ce2f	2	TaskExampleProcess	0	OK	PSTATE	TRANSITION_ENTER	MyStart	
2016-04-30	11:05:51	+0000	62d42b4d-27c0-4bfe-a359-4844ae76ce2f	2	Process Start	1	OK	PROCESS_START	CUSTOM	TaskExampleProcess::_my_custom_id_0	MyStart
2016-04-30	11:05:51	+0000	62d42b4d-27c0-4bfe-a359-4844ae76ce2f	2	TaskExampleProcess	5	OK	PSTATE	TRANSITION_EXIT	MyStart	
2016-04-30	11:05:51	+0000	404806cd-8f95-450f-a010-2bcc47ff2052	3	TaskExampleProcess	0	OK	PSTATE	TRANSITION_ENTER	MyTask	
2016-04-30	11:05:51	+0000	404806cd-8f95-450f-a010-2bcc47ff2052	3	Process State Start	1	OK	PROCESS_STATE_START	CUSTOM	TaskExampleProcess::_my_custom_id_0	MyTask
2016-04-30	11:05:51	+0000	404806cd-8f95-450f-a010-2bcc47ff2052	3	TaskExampleProcess	3	OK	PSTATE	TRANSITION_EXIT	MyTask	
2016-04-30	11:05:51	+0000	b7e701da-6cb5-4447-88c8-0ad3e6b42e77	1	POST create and start TaskExampleProcess process	42	OK	INTERFACE	SERVICE_EXIT		
2016-04-30	12:04:49	+0000	2592b562-707c-4fd9-8521-51274eaa9bbe	1	POST create and start TaskExampleProcess process	0	OK	INTERFACE	SERVICE_ENTER		
2016-04-30	12:04:49	+0000	4b585b90-4ec5-4f4c-bdd1-52109b4cd957	2	TaskExampleProcess	0	OK	PSTATE	TRANSITION_ENTER	MyStart	
2016-04-30	12:04:49	+0000	4b585b90-4ec5-4f4c-bdd1-52109b4cd957	2	Process Start	0	OK	PROCESS_START	CUSTOM	TaskExampleProcess::_my_custom_id_0	MyStart
2016-04-30	12:04:49	+0000	4b585b90-4ec5-4f4c-bdd1-52109b4cd957	2	TaskExampleProcess	0	OK	PSTATE	TRANSITION_EXIT	MyStart	
2016-04-30	12:04:49	+0000	ae3797b0-6a0f-432b-b7b9-c3031b8abb87	3	TaskExampleProcess	0	OK	PSTATE	TRANSITION_ENTER	MyTask	
2016-04-30	12:04:49	+0000	ae3797b0-6a0f-432b-b7b9-c3031b8abb87	3	Process State Start	0	OK	PROCESS_STATE_START	CUSTOM	TaskExampleProcess::_my_custom_id_0	MyTask
2016-04-30	12:04:49	+0000	ae3797b0-6a0f-432b-b7b9-c3031b8abb87	3	TaskExampleProcess	0	OK	PSTATE	TRANSITION_EXIT	MyTask	
2016-04-30	12:04:49	+0000	2592b562-707c-4fd9-8521-51274eaa9bbe	1	POST create and start TaskExampleProcess process	21	OK	INTERFACE	SERVICE_EXIT		
2016-04-30	12:08:49	+0000	1f3cae36-a563-46aa-918f-d90966ff4666	1	POST create and start TaskExampleProcess process	0	OK	INTERFACE	SERVICE_ENTER		
2016-04-30	12:08:49	+0000	80052421-19fc-4dec-98c6-aa32e704ce4d	2	TaskExampleProcess	0	OK	PSTATE	TRANSITION_ENTER	MyStart	
2016-04-30	12:08:49	+0000	80052421-19fc-4dec-98c6-aa32e704ce4d	2	Process Start	0	OK	PROCESS_START	CUSTOM	TaskExampleProcess::_my_custom_id_0	MyStart
2016-04-30	12:08:49	+0000	80052421-19fc-4dec-98c6-aa32e704ce4d	2	TaskExampleProcess	0	OK	PSTATE	TRANSITION_EXIT	MyStart	
2016-04-30	12:08:49	+0000	10911ca3-ac8c-414f-ba8b-71f348c5ba09	3	TaskExampleProcess	0	OK	PSTATE	TRANSITION_ENTER	MyTask	
2016-04-30	12:08:49	+0000	10911ca3-ac8c-414f-ba8b-71f348c5ba09	3	Process State Start	0	OK	PROCESS_STATE_START	CUSTOM	TaskExampleProcess::_my_custom_id_0	MyTask
2016-04-30	12:08:49	+0000	10911ca3-ac8c-414f-ba8b-71f348c5ba09	3	TaskExampleProcess	10	OK	PSTATE	TRANSITION_EXIT	MyTask	
2016-04-30	12:08:49	+0000	1f3cae36-a563-46aa-918f-d90966ff4666	1	POST create and start TaskExampleProcess process	30	OK	INTERFACE	SERVICE_EXIT		
2016-04-30	12:10:08	+0000	ab9427c5-6cf2-4642-9d29-f7a65eb69e4d	1	POST create and start TaskExampleProcess process	0	OK	INTERFACE	SERVICE_ENTER		
2016-04-30	12:10:08	+0000	127fa67c-2858-4e76-a954-22032a8ad2cb	2	TaskExampleProcess	0	OK	PSTATE	TRANSITION_ENTER	MyStart	
2016-04-30	12:10:08	+0000	127fa67c-2858-4e76-a954-22032a8ad2cb	2	Process Start	20	OK	PROCESS_START	CUSTOM	TaskExampleProcess::_my_custom_id_0	MyStart
2016-04-30	12:10:08	+0000	127fa67c-2858-4e76-a954-22032a8ad2cb	2	TaskExampleProcess	20	OK	PSTATE	TRANSITION_EXIT	MyStart	
2016-04-30	12:10:08	+0000	5269eb22-1ca6-48ef-ae77-fe1df463dc39	3	TaskExampleProcess	0	OK	PSTATE	TRANSITION_ENTER	MyTask	
2016-04-30	12:10:08	+0000	5269eb22-1ca6-48ef-ae77-fe1df463dc39	3	Process State Start	0	OK	PROCESS_STATE_START	CUSTOM	TaskExampleProcess::_my_custom_id_0	MyTask
2016-04-30	12:10:08	+0000	5269eb22-1ca6-48ef-ae77-fe1df463dc39	3	TaskExampleProcess	0	OK	PSTATE	TRANSITION_EXIT	MyTask	
2016-04-30	12:10:08	+0000	ab9427c5-6cf2-4642-9d29-f7a65eb69e4d	1	POST create and start TaskExampleProcess process	50	OK	INTERFACE	SERVICE_EXIT		
2016-04-30	12:11:40	+0000	76816ebd-f282-4046-a219-df896b55b1ed	1	POST create and start TaskExampleProcess process	0	OK	INTERFACE	SERVICE_ENTER		
2016-04-30	12:11:40	+0000	8bd785e5-22e5-43b3-80bc-4130e45b6d89	2	TaskExampleProcess	0	OK	PSTATE	TRANSITION_ENTER	MyStart	
2016-04-30	12:11:40	+0000	8bd785e5-22e5-43b3-80bc-4130e45b6d89	2	Process Start	0	OK	PROCESS_START	CUSTOM	TaskExampleProcess::_my_custom_id_0	MyStart
2016-04-30	12:11:40	+0000	8bd785e5-22e5-43b3-80bc-4130e45b6d89	2	TaskExampleProcess	0	OK	PSTATE	TRANSITION_EXIT	MyStart	
2016-04-30	12:11:40	+0000	948dc785-cd32-4608-bd4b-d7fa216bc6b2	3	TaskExampleProcess	0	OK	PSTATE	TRANSITION_ENTER	MyTask	
2016-04-30	12:11:40	+0000	948dc785-cd32-4608-bd4b-d7fa216bc6b2	3	Process State Start	0	OK	PROCESS_STATE_START	CUSTOM	TaskExampleProcess::_my_custom_id_0	MyTask
2016-04-30	12:11:41	+0000	948dc785-cd32-4608-bd4b-d7fa216bc6b2	3	TaskExampleProcess	10	OK	PSTATE	TRANSITION_EXIT	MyTask	
2016-04-30	12:11:41	+0000	76816ebd-f282-4046-a219-df896b55b1ed	1	POST create and start TaskExampleProcess process	30	OK	INTERFACE	SERVICE_EXIT		
2016-04-30	12:14:28	+0000	bb69ab9c-a6f9-45eb-8df4-32be87face26	1	POST create and start TaskExampleProcess process	0	OK	INTERFACE	SERVICE_ENTER		
2016-04-30	12:14:28	+0000	d716c064-2a20-463f-8353-fcb5d1b6dc7e	2	TaskExampleProcess	0	OK	PSTATE	TRANSITION_ENTER	MyStart	
2016-04-30	12:14:28	+0000	d716c064-2a20-463f-8353-fcb5d1b6dc7e	2	Process Start	10	OK	PROCESS_START	CUSTOM	TaskExampleProcess::_my_custom_id_0	MyStart
2016-04-30	12:14:28	+0000	d716c064-2a20-463f-8353-fcb5d1b6dc7e	2	TaskExampleProcess	10	OK	PSTATE	TRANSITION_EXIT	MyStart	
2016-04-30	12:14:28	+0000	3b30d3bf-265b-49c0-b8f5-f8968ca6c96f	3	TaskExampleProcess	0	OK	PSTATE	TRANSITION_ENTER	MyTask	
2016-04-30	12:14:28	+0000	3b30d3bf-265b-49c0-b8f5-f8968ca6c96f	3	Process State Start	0	OK	PROCESS_STATE_START	CUSTOM	TaskExampleProcess::_my_custom_id_0	MyTask
2016-04-30	12:14:28	+0000	3b30d3bf-265b-49c0-b8f5-f8968ca6c96f	3	TaskExampleProcess	0	OK	PSTATE	TRANSITION_EXIT	MyTask	
2016-04-30	12:14:28	+0000	bb69ab9c-a6f9-45eb-8df4-32be87face26	1	POST create and start TaskExampleProcess process	30	OK	INTERFACE	SERVICE_EXIT		
2016-04-30	12:17:56	+0000	dbe67ebf-4d21-4abc-8ca1-cdc24ceef344	1	POST create and start TaskExampleProcess process	0	OK	INTERFACE	SERVICE_ENTER		
2016-04-30	12:17:56	+0000	45226153-43aa-42eb-8c11-aed9c13ec685	2	TaskExampleProcess	0	OK	PSTATE	TRANSITION_ENTER	MyStart	
2016-04-30	12:17:56	+0000	45226153-43aa-42eb-8c11-aed9c13ec685	2	Process Start	0	OK	PROCESS_START	CUSTOM	TaskExampleProcess::_my_custom_id_0	MyStart
2016-04-30	12:17:56	+0000	45226153-43aa-42eb-8c11-aed9c13ec685	2	TaskExampleProcess	0	OK	PSTATE	TRANSITION_EXIT	MyStart	
2016-04-30	12:17:56	+0000	f694e060-4587-4067-a94f-c9668a6b102c	3	TaskExampleProcess	0	OK	PSTATE	TRANSITION_ENTER	MyTask	
2016-04-30	12:17:56	+0000	f694e060-4587-4067-a94f-c9668a6b102c	3	Process State Start	0	OK	PROCESS_STATE_START	CUSTOM	TaskExampleProcess::_my_custom_id_0	MyTask
2016-04-30	12:17:56	+0000	f694e060-4587-4067-a94f-c9668a6b102c	3	TaskExampleProcess	10	OK	PSTATE	TRANSITION_EXIT	MyTask	
2016-04-30	12:17:56	+0000	dbe67ebf-4d21-4abc-8ca1-cdc24ceef344	1	POST create and start TaskExampleProcess process	30	OK	INTERFACE	SERVICE_EXIT		
2016-04-30	12:20:53	+0000	e2c8fb02-ff33-4a8d-b422-c0dbf2de5718	1	POST create and start TaskExampleProcess process	0	OK	INTERFACE	SERVICE_ENTER		
2016-04-30	12:20:53	+0000	a7d3e9c4-766e-4256-be2c-7845e94fb6aa	2	TaskExampleProcess	0	OK	PSTATE	TRANSITION_ENTER	MyStart	
2016-04-30	12:20:53	+0000	a7d3e9c4-766e-4256-be2c-7845e94fb6aa	2	Process Start	0	OK	PROCESS_START	CUSTOM	TaskExampleProcess::_my_custom_id_0	MyStart
2016-04-30	12:20:53	+0000	a7d3e9c4-766e-4256-be2c-7845e94fb6aa	2	TaskExampleProcess	10	OK	PSTATE	TRANSITION_EXIT	MyStart	
2016-04-30	12:20:53	+0000	f712e74d-26b3-4cc2-b061-e574fc60b143	3	TaskExampleProcess	0	OK	PSTATE	TRANSITION_ENTER	MyTask	
2016-04-30	12:20:53	+0000	f712e74d-26b3-4cc2-b061-e574fc60b143	3	Process State Start	0	OK	PROCESS_STATE_START	CUSTOM	TaskExampleProcess::_my_custom_id_0	MyTask
2016-04-30	12:20:53	+0000	f712e74d-26b3-4cc2-b061-e574fc60b143	3	TaskExampleProcess	0	OK	PSTATE	TRANSITION_EXIT	MyTask	
2016-04-30	12:20:53	+0000	e2c8fb02-ff33-4a8d-b422-c0dbf2de5718	1	POST create and start TaskExampleProcess process	30	OK	INTERFACE	SERVICE_EXIT		
2016-04-30	12:24:01	+0000	48b6c881-cc2b-40c7-92b6-063810e74281	1	POST create and start TaskExampleProcess process	0	OK	INTERFACE	SERVICE_ENTER		
2016-04-30	12:24:02	+0000	f5892957-3c89-4e38-aaea-397e068e93e3	2	TaskExampleProcess	0	OK	PSTATE	TRANSITION_ENTER	MyStart	
2016-04-30	12:24:02	+0000	f5892957-3c89-4e38-aaea-397e068e93e3	2	Process Start	2	OK	PROCESS_START	CUSTOM	TaskExampleProcess::_my_custom_id_0	MyStart
2016-04-30	12:24:02	+0000	f5892957-3c89-4e38-aaea-397e068e93e3	2	TaskExampleProcess	9	OK	PSTATE	TRANSITION_EXIT	MyStart	
2016-04-30	12:24:02	+0000	994b6926-aa12-4563-a502-a9adc3dbf967	3	TaskExampleProcess	0	OK	PSTATE	TRANSITION_ENTER	MyTask	
2016-04-30	12:24:02	+0000	994b6926-aa12-4563-a502-a9adc3dbf967	3	Process State Start	1	OK	PROCESS_STATE_START	CUSTOM	TaskExampleProcess::_my_custom_id_0	MyTask
2016-04-30	12:24:02	+0000	994b6926-aa12-4563-a502-a9adc3dbf967	3	TaskExampleProcess	3	OK	PSTATE	TRANSITION_EXIT	MyTask	
2016-04-30	12:24:02	+0000	48b6c881-cc2b-40c7-92b6-063810e74281	1	POST create and start TaskExampleProcess process	47	OK	INTERFACE	SERVICE_EXIT		
2016-04-30	12:28:53	+0000	a1d91d26-3069-4e88-9c87-d454d962beb7	1	POST create and start TaskExampleProcess process	0	OK	INTERFACE	SERVICE_ENTER		
2016-04-30	12:28:53	+0000	c07c53fc-d45b-46ee-b707-a294c9c218f1	2	TaskExampleProcess	0	OK	PSTATE	TRANSITION_ENTER	MyStart	
2016-04-30	12:28:53	+0000	c07c53fc-d45b-46ee-b707-a294c9c218f1	2	Process Start	0	OK	PROCESS_START	CUSTOM	TaskExampleProcess::_my_custom_id_0	MyStart
2016-04-30	12:28:53	+0000	c07c53fc-d45b-46ee-b707-a294c9c218f1	2	TaskExampleProcess	0	OK	PSTATE	TRANSITION_EXIT	MyStart	
2016-04-30	12:28:53	+0000	0c3633e0-d415-4b17-a373-0379eab82e4c	3	TaskExampleProcess	0	OK	PSTATE	TRANSITION_ENTER	MyTask	
2016-04-30	12:28:53	+0000	0c3633e0-d415-4b17-a373-0379eab82e4c	3	Process State Start	0	OK	PROCESS_STATE_START	CUSTOM	TaskExampleProcess::_my_custom_id_0	MyTask
2016-04-30	12:28:53	+0000	0c3633e0-d415-4b17-a373-0379eab82e4c	3	TaskExampleProcess	0	OK	PSTATE	TRANSITION_EXIT	MyTask	
2016-04-30	12:28:53	+0000	a1d91d26-3069-4e88-9c87-d454d962beb7	1	POST create and start TaskExampleProcess process	30	OK	INTERFACE	SERVICE_EXIT		
2016-04-30	12:31:03	+0000	158c6aec-53f7-427e-809e-01cc49642d7c	1	POST create and start TaskExampleProcess process	0	OK	INTERFACE	SERVICE_ENTER		
2016-04-30	12:31:03	+0000	b82e1296-be3d-4bb0-865f-47403e033e56	2	TaskExampleProcess	0	OK	PSTATE	TRANSITION_ENTER	MyStart	
2016-04-30	12:31:03	+0000	b82e1296-be3d-4bb0-865f-47403e033e56	2	Process Start	0	OK	PROCESS_START	CUSTOM	TaskExampleProcess::_my_custom_id_0	MyStart
2016-04-30	12:31:03	+0000	b82e1296-be3d-4bb0-865f-47403e033e56	2	TaskExampleProcess	0	OK	PSTATE	TRANSITION_EXIT	MyStart	
2016-04-30	12:31:03	+0000	88e4b867-35a2-43de-a297-83ffd07d0246	3	TaskExampleProcess	0	OK	PSTATE	TRANSITION_ENTER	MyTask	
2016-04-30	12:31:03	+0000	88e4b867-35a2-43de-a297-83ffd07d0246	3	Process State Start	0	OK	PROCESS_STATE_START	CUSTOM	TaskExampleProcess::_my_custom_id_0	MyTask
2016-04-30	12:31:03	+0000	88e4b867-35a2-43de-a297-83ffd07d0246	3	TaskExampleProcess	0	OK	PSTATE	TRANSITION_EXIT	MyTask	
2016-04-30	12:31:03	+0000	158c6aec-53f7-427e-809e-01cc49642d7c	1	POST create and start TaskExampleProcess process	30	OK	INTERFACE	SERVICE_EXIT		
2016-04-30	12:31:19	+0000	957469fd-7535-42c9-bc57-93020af25c51	1	POST create and start TaskExampleProcess process	0	OK	INTERFACE	SERVICE_ENTER		
2016-04-30	12:31:19	+0000	9dff8221-6b9d-4192-9f68-ae32d39b07b9	2	TaskExampleProcess	0	OK	PSTATE	TRANSITION_ENTER	MyStart	
2016-04-30	12:31:19	+0000	9dff8221-6b9d-4192-9f68-ae32d39b07b9	2	Process Start	10	OK	PROCESS_START	CUSTOM	TaskExampleProcess::_my_custom_id_0	MyStart
2016-04-30	12:31:19	+0000	9dff8221-6b9d-4192-9f68-ae32d39b07b9	2	TaskExampleProcess	10	OK	PSTATE	TRANSITION_EXIT	MyStart	
2016-04-30	12:31:19	+0000	bd8cb9af-e3f5-41f8-87a3-4b205622c0ac	3	TaskExampleProcess	0	OK	PSTATE	TRANSITION_ENTER	MyTask	
2016-04-30	12:31:19	+0000	bd8cb9af-e3f5-41f8-87a3-4b205622c0ac	3	Process State Start	0	OK	PROCESS_STATE_START	CUSTOM	TaskExampleProcess::_my_custom_id_0	MyTask
2016-04-30	12:31:19	+0000	bd8cb9af-e3f5-41f8-87a3-4b205622c0ac	3	TaskExampleProcess	0	OK	PSTATE	TRANSITION_EXIT	MyTask	
2016-04-30	12:31:20	+0000	957469fd-7535-42c9-bc57-93020af25c51	1	POST create and start TaskExampleProcess process	30	OK	INTERFACE	SERVICE_EXIT		
2016-04-30	12:35:53	+0000	e1afb955-7ffa-4da3-a2c4-68c4f4233628	1	POST create and start TaskExampleProcess process	0	OK	INTERFACE	SERVICE_ENTER		
2016-04-30	12:35:54	+0000	9eb73d76-dcd1-4bff-9b2a-8afdbce3223d	2	TaskExampleProcess	0	OK	PSTATE	TRANSITION_ENTER	MyStart	
2016-04-30	12:35:54	+0000	9eb73d76-dcd1-4bff-9b2a-8afdbce3223d	2	Process Start	10	OK	PROCESS_START	CUSTOM	TaskExampleProcess::_my_custom_id_0	MyStart
2016-04-30	12:35:54	+0000	9eb73d76-dcd1-4bff-9b2a-8afdbce3223d	2	TaskExampleProcess	10	OK	PSTATE	TRANSITION_EXIT	MyStart	
2016-04-30	12:35:54	+0000	25875260-6ce6-471d-8d2f-44886eac2cb3	3	TaskExampleProcess	0	OK	PSTATE	TRANSITION_ENTER	MyTask	
2016-04-30	12:35:54	+0000	25875260-6ce6-471d-8d2f-44886eac2cb3	3	Process State Start	0	OK	PROCESS_STATE_START	CUSTOM	TaskExampleProcess::_my_custom_id_0	MyTask
2016-04-30	12:35:54	+0000	25875260-6ce6-471d-8d2f-44886eac2cb3	3	TaskExampleProcess	0	OK	PSTATE	TRANSITION_EXIT	MyTask	
2016-04-30	12:35:54	+0000	e1afb955-7ffa-4da3-a2c4-68c4f4233628	1	POST create and start TaskExampleProcess process	30	OK	INTERFACE	SERVICE_EXIT		
2016-04-30	12:37:16	+0000	73311ad3-65e1-4340-9282-d6526d035217	4	GET  processes	0	OK	INTERFACE	SERVICE_ENTER		
2016-04-30	12:37:16	+0000	73311ad3-65e1-4340-9282-d6526d035217	4	GET  processes	5	OK	INTERFACE	SERVICE_EXIT		
2016-04-30	12:38:02	+0000	384ddec7-ca9f-4e6d-b942-5b241ddc184d	5	POST create and start TaskExampleProcess process	0	OK	INTERFACE	SERVICE_ENTER		
2016-04-30	12:38:02	+0000	3a112493-f48b-4bb4-b819-0edbc7c93eb5	6	TaskExampleProcess	0	OK	PSTATE	TRANSITION_ENTER	MyStart	
2016-04-30	12:38:02	+0000	3a112493-f48b-4bb4-b819-0edbc7c93eb5	6	Process Start	10	OK	PROCESS_START	CUSTOM	TaskExampleProcess::_my_custom_id_1	MyStart
2016-04-30	12:38:02	+0000	3a112493-f48b-4bb4-b819-0edbc7c93eb5	6	TaskExampleProcess	10	OK	PSTATE	TRANSITION_EXIT	MyStart	
2016-04-30	12:38:02	+0000	d660b87c-4afa-4d56-a266-e53dbcd91374	7	TaskExampleProcess	0	OK	PSTATE	TRANSITION_ENTER	MyTask	
2016-04-30	12:38:02	+0000	d660b87c-4afa-4d56-a266-e53dbcd91374	7	Process State Start	0	OK	PROCESS_STATE_START	CUSTOM	TaskExampleProcess::_my_custom_id_1	MyTask
2016-04-30	12:38:02	+0000	d660b87c-4afa-4d56-a266-e53dbcd91374	7	TaskExampleProcess	0	OK	PSTATE	TRANSITION_EXIT	MyTask	
2016-04-30	12:38:02	+0000	384ddec7-ca9f-4e6d-b942-5b241ddc184d	5	POST create and start TaskExampleProcess process	10	OK	INTERFACE	SERVICE_EXIT		
2016-04-30	12:40:53	+0000	71ad6ca2-a041-419c-bf2b-c511f8c1fe91	8	GET TaskExampleProcess process	0	OK	INTERFACE	SERVICE_ENTER		
2016-04-30	12:40:53	+0000	71ad6ca2-a041-419c-bf2b-c511f8c1fe91	8	GET TaskExampleProcess process	16	OK	INTERFACE	SERVICE_EXIT		
2016-04-30	12:42:46	+0000	1c3fede6-e800-474c-942e-3364f10e7d63	9	POST create TaskExampleProcess process	0	OK	INTERFACE	SERVICE_ENTER		
2016-04-30	12:42:46	+0000	1c3fede6-e800-474c-942e-3364f10e7d63	9	POST create TaskExampleProcess process	2	OK	INTERFACE	SERVICE_EXIT		
2016-04-30	12:43:51	+0000	52d38e36-04e2-4bfb-ae36-8c39837d4598	10	GET TaskExampleProcess processes	0	OK	INTERFACE	SERVICE_ENTER		
2016-04-30	12:43:51	+0000	52d38e36-04e2-4bfb-ae36-8c39837d4598	10	GET TaskExampleProcess processes	3	OK	INTERFACE	SERVICE_EXIT		
2016-04-30	12:46:25	+0000	2d312622-4e7d-4ad1-b15e-23233ae73b24	11	POST create TaskExampleProcess process	0	OK	INTERFACE	SERVICE_ENTER		
2016-04-30	12:46:25	+0000	2d312622-4e7d-4ad1-b15e-23233ae73b24	11	POST create TaskExampleProcess process	2	OK	INTERFACE	SERVICE_EXIT		
2016-04-30	12:47:06	+0000	77fa9df9-f88a-4619-b9ac-d7107f24595d	12	GET TaskExampleProcess processes	0	OK	INTERFACE	SERVICE_ENTER		
2016-04-30	12:47:06	+0000	77fa9df9-f88a-4619-b9ac-d7107f24595d	12	GET TaskExampleProcess processes	2	OK	INTERFACE	SERVICE_EXIT		
2016-04-30	12:48:28	+0000	02555ed9-25d9-4d65-9c83-16e3bca3735c	1	GET TaskExampleProcess process	0	OK	INTERFACE	SERVICE_ENTER		
2016-04-30	12:48:28	+0000	02555ed9-25d9-4d65-9c83-16e3bca3735c	1	GET TaskExampleProcess process	11	OK	INTERFACE	SERVICE_EXIT		
2016-04-30	12:48:28	+0000	8a7c6c41-31bd-4ca1-af62-8705b246e0e1	2	POST create TaskExampleProcess process	0	OK	INTERFACE	SERVICE_ENTER		
2016-04-30	12:48:28	+0000	8a7c6c41-31bd-4ca1-af62-8705b246e0e1	2	POST create TaskExampleProcess process	11	OK	INTERFACE	SERVICE_EXIT		
2016-04-30	12:48:28	+0000	7c20a75b-e8c7-4685-85b8-f9edfc74cb6f	3	GET TaskExampleProcess processes	0	OK	INTERFACE	SERVICE_ENTER		
2016-04-30	12:48:28	+0000	7c20a75b-e8c7-4685-85b8-f9edfc74cb6f	3	GET TaskExampleProcess processes	5	OK	INTERFACE	SERVICE_EXIT		
2016-04-30	12:48:28	+0000	897d92bf-f024-44eb-8cd1-3edf6ffaee9a	4	GET TaskExampleProcess processes	0	OK	INTERFACE	SERVICE_ENTER		
2016-04-30	12:48:28	+0000	897d92bf-f024-44eb-8cd1-3edf6ffaee9a	4	GET TaskExampleProcess processes	2	OK	INTERFACE	SERVICE_EXIT		
2016-04-30	12:48:28	+0000	13ae65d4-753f-48e0-9a2a-8f7a004b593e	5	POST create and start TaskExampleProcess process	0	OK	INTERFACE	SERVICE_ENTER		
2016-04-30	12:48:28	+0000	c62557f0-416d-437d-9ae8-67d7ac2803c2	6	TaskExampleProcess	0	OK	PSTATE	TRANSITION_ENTER	MyStart	
2016-04-30	12:48:28	+0000	c62557f0-416d-437d-9ae8-67d7ac2803c2	6	Process Start	4	OK	PROCESS_START	CUSTOM	TaskExampleProcess::_my_custom_id_1	MyStart
2016-04-30	12:48:28	+0000	c62557f0-416d-437d-9ae8-67d7ac2803c2	6	TaskExampleProcess	6	OK	PSTATE	TRANSITION_EXIT	MyStart	
2016-04-30	12:48:28	+0000	7ad5a133-9b59-4274-9684-42946d4ceb0a	7	TaskExampleProcess	0	OK	PSTATE	TRANSITION_ENTER	MyTask	
2016-04-30	12:48:28	+0000	7ad5a133-9b59-4274-9684-42946d4ceb0a	7	Process State Start	1	OK	PROCESS_STATE_START	CUSTOM	TaskExampleProcess::_my_custom_id_1	MyTask
2016-04-30	12:48:28	+0000	7ad5a133-9b59-4274-9684-42946d4ceb0a	7	TaskExampleProcess	2	OK	PSTATE	TRANSITION_EXIT	MyTask	
2016-04-30	12:48:28	+0000	13ae65d4-753f-48e0-9a2a-8f7a004b593e	5	POST create and start TaskExampleProcess process	19	OK	INTERFACE	SERVICE_EXIT		
2016-04-30	12:48:54	+0000	fb38ce9e-d793-4e49-92e5-adb20d3ca667	1	GET TaskExampleProcess process	0	OK	INTERFACE	SERVICE_ENTER		
2016-04-30	12:48:54	+0000	fb38ce9e-d793-4e49-92e5-adb20d3ca667	1	GET TaskExampleProcess process	10	OK	INTERFACE	SERVICE_EXIT		
2016-04-30	12:48:54	+0000	9a672d6a-0b51-4d04-8643-7abf4acf465d	2	POST create TaskExampleProcess process	0	OK	INTERFACE	SERVICE_ENTER		
2016-04-30	12:48:54	+0000	9a672d6a-0b51-4d04-8643-7abf4acf465d	2	POST create TaskExampleProcess process	5	OK	INTERFACE	SERVICE_EXIT		
2016-04-30	12:48:54	+0000	b6ea0c53-f9a6-41ce-b1e3-b2f1950e6447	3	GET TaskExampleProcess processes	0	OK	INTERFACE	SERVICE_ENTER		
2016-04-30	12:48:54	+0000	b6ea0c53-f9a6-41ce-b1e3-b2f1950e6447	3	GET TaskExampleProcess processes	10	OK	INTERFACE	SERVICE_EXIT		
2016-04-30	12:48:54	+0000	b0328001-d871-4295-97ac-aa5dea126d65	4	GET TaskExampleProcess processes	0	OK	INTERFACE	SERVICE_ENTER		
2016-04-30	12:48:54	+0000	b0328001-d871-4295-97ac-aa5dea126d65	4	GET TaskExampleProcess processes	0	OK	INTERFACE	SERVICE_EXIT		
2016-04-30	12:48:54	+0000	037963aa-6530-4e6e-935e-ac7cd41d6625	5	POST create and start TaskExampleProcess process	0	OK	INTERFACE	SERVICE_ENTER		
2016-04-30	12:48:54	+0000	f3d8ad9d-67c6-4e4b-8ed7-398468ae1548	6	TaskExampleProcess	0	OK	PSTATE	TRANSITION_ENTER	MyStart	
2016-04-30	12:48:54	+0000	f3d8ad9d-67c6-4e4b-8ed7-398468ae1548	6	Process Start	0	OK	PROCESS_START	CUSTOM	TaskExampleProcess::_my_custom_id_1	MyStart
2016-04-30	12:48:54	+0000	f3d8ad9d-67c6-4e4b-8ed7-398468ae1548	6	TaskExampleProcess	10	OK	PSTATE	TRANSITION_EXIT	MyStart	
2016-04-30	12:48:54	+0000	c9fd43c4-b2de-4db3-88c8-4b6f7700a12e	7	TaskExampleProcess	0	OK	PSTATE	TRANSITION_ENTER	MyTask	
2016-04-30	12:48:54	+0000	c9fd43c4-b2de-4db3-88c8-4b6f7700a12e	7	Process State Start	0	OK	PROCESS_STATE_START	CUSTOM	TaskExampleProcess::_my_custom_id_1	MyTask
2016-04-30	12:48:54	+0000	c9fd43c4-b2de-4db3-88c8-4b6f7700a12e	7	TaskExampleProcess	0	OK	PSTATE	TRANSITION_EXIT	MyTask	
2016-04-30	12:48:54	+0000	037963aa-6530-4e6e-935e-ac7cd41d6625	5	POST create and start TaskExampleProcess process	10	OK	INTERFACE	SERVICE_EXIT		
2016-04-30	12:49:09	+0000	6381fc87-73e5-4f9a-8742-11bd406afdfb	8	GET TaskExampleProcess processes	0	OK	INTERFACE	SERVICE_ENTER		
2016-04-30	12:49:09	+0000	6381fc87-73e5-4f9a-8742-11bd406afdfb	8	GET TaskExampleProcess processes	2	OK	INTERFACE	SERVICE_EXIT		
2016-04-30	12:49:33	+0000	367b7fae-523f-4718-b143-0105846614d1	9	GET TaskExampleProcess processes	0	OK	INTERFACE	SERVICE_ENTER		
2016-04-30	12:49:33	+0000	367b7fae-523f-4718-b143-0105846614d1	9	GET TaskExampleProcess processes	0	OK	INTERFACE	SERVICE_EXIT		
2016-04-30	12:51:12	+0000	b0788866-0157-447a-b96b-18fcea8f463c	1	GET TaskExampleProcess process	0	OK	INTERFACE	SERVICE_ENTER		
2016-04-30	12:51:12	+0000	b0788866-0157-447a-b96b-18fcea8f463c	1	GET TaskExampleProcess process	10	OK	INTERFACE	SERVICE_EXIT		
2016-04-30	12:51:12	+0000	b33dc601-20e0-4702-b576-25cc7618e2b8	2	POST create TaskExampleProcess process	0	OK	INTERFACE	SERVICE_ENTER		
2016-04-30	12:51:12	+0000	b33dc601-20e0-4702-b576-25cc7618e2b8	2	POST create TaskExampleProcess process	13	OK	INTERFACE	SERVICE_EXIT		
2016-04-30	12:51:12	+0000	590b4d5d-051a-4c41-a528-140fa55ce87e	3	GET TaskExampleProcess processes	0	OK	INTERFACE	SERVICE_ENTER		
2016-04-30	12:51:12	+0000	590b4d5d-051a-4c41-a528-140fa55ce87e	3	GET TaskExampleProcess processes	10	OK	INTERFACE	SERVICE_EXIT		
2016-04-30	12:51:12	+0000	9ebbe824-df60-419c-8cc5-e4d343966c60	4	GET TaskExampleProcess processes	0	OK	INTERFACE	SERVICE_ENTER		
2016-04-30	12:51:12	+0000	9ebbe824-df60-419c-8cc5-e4d343966c60	4	GET TaskExampleProcess processes	0	OK	INTERFACE	SERVICE_EXIT		
2016-04-30	12:51:12	+0000	d57dd6a8-e4e8-4a38-836c-dc27b4df81a7	5	PUT MyStart message to TaskExampleProcess process	0	OK	INTERFACE	SERVICE_ENTER		
2016-04-30	12:51:12	+0000	d57dd6a8-e4e8-4a38-836c-dc27b4df81a7	5	PUT MyStart message to TaskExampleProcess process	10	ERROR	INTERFACE	SERVICE_EXIT		
2016-04-30	12:51:12	+0000	02498918-2718-431b-90e6-2e239aca066d	6	POST create and start TaskExampleProcess process	0	OK	INTERFACE	SERVICE_ENTER		
2016-04-30	12:51:12	+0000	07cd380f-0edd-481e-8a72-e85ea0f042fd	7	TaskExampleProcess	0	OK	PSTATE	TRANSITION_ENTER	MyStart	
2016-04-30	12:51:12	+0000	07cd380f-0edd-481e-8a72-e85ea0f042fd	7	Process Start	0	OK	PROCESS_START	CUSTOM	TaskExampleProcess::_my_custom_id_1	MyStart
2016-04-30	12:51:12	+0000	07cd380f-0edd-481e-8a72-e85ea0f042fd	7	TaskExampleProcess	0	OK	PSTATE	TRANSITION_EXIT	MyStart	
2016-04-30	12:51:12	+0000	7e5c7380-7645-4259-8373-6a4fc53d1f9e	8	TaskExampleProcess	0	OK	PSTATE	TRANSITION_ENTER	MyTask	
2016-04-30	12:51:12	+0000	7e5c7380-7645-4259-8373-6a4fc53d1f9e	8	Process State Start	0	OK	PROCESS_STATE_START	CUSTOM	TaskExampleProcess::_my_custom_id_1	MyTask
2016-04-30	12:51:12	+0000	7e5c7380-7645-4259-8373-6a4fc53d1f9e	8	TaskExampleProcess	0	OK	PSTATE	TRANSITION_EXIT	MyTask	
2016-04-30	12:51:12	+0000	02498918-2718-431b-90e6-2e239aca066d	6	POST create and start TaskExampleProcess process	20	OK	INTERFACE	SERVICE_EXIT		
2016-04-30	12:51:41	+0000	2f2151e7-1270-4af5-ac73-d63fdffa9f91	9	PUT MyStart message to TaskExampleProcess process	0	OK	INTERFACE	SERVICE_ENTER		
2016-04-30	12:51:41	+0000	2f2151e7-1270-4af5-ac73-d63fdffa9f91	9	PUT MyStart message to TaskExampleProcess process	2	OK	INTERFACE	SERVICE_EXIT		
2016-04-30	12:53:51	+0000	4aa9b8af-cac9-47e2-a142-fa47e75cc7a1	10	GET TaskExampleProcess processes	0	OK	INTERFACE	SERVICE_ENTER		
2016-04-30	12:53:51	+0000	4aa9b8af-cac9-47e2-a142-fa47e75cc7a1	10	GET TaskExampleProcess processes	2	OK	INTERFACE	SERVICE_EXIT		
2016-04-30	13:14:15	+0000	c7a7620d-246d-4f11-b93f-0ebf242f44f0	1	GET TaskExampleProcess process	0	OK	INTERFACE	SERVICE_ENTER		
2016-04-30	13:14:15	+0000	c7a7620d-246d-4f11-b93f-0ebf242f44f0	1	GET TaskExampleProcess process	10	OK	INTERFACE	SERVICE_EXIT		
2016-04-30	13:14:15	+0000	1a140341-15e3-44cd-937c-6b8e95ec31bd	2	POST create TaskExampleProcess process	0	OK	INTERFACE	SERVICE_ENTER		
2016-04-30	13:14:15	+0000	1a140341-15e3-44cd-937c-6b8e95ec31bd	2	POST create TaskExampleProcess process	10	OK	INTERFACE	SERVICE_EXIT		
2016-04-30	13:14:15	+0000	3145cf81-200c-4324-b1c2-56b9a92bad85	3	GET TaskExampleProcess processes	0	OK	INTERFACE	SERVICE_ENTER		
2016-04-30	13:14:15	+0000	3145cf81-200c-4324-b1c2-56b9a92bad85	3	GET TaskExampleProcess processes	10	OK	INTERFACE	SERVICE_EXIT		
2016-04-30	13:14:15	+0000	54db43ee-d174-4255-910f-fc430cebc41a	4	GET TaskExampleProcess processes	0	OK	INTERFACE	SERVICE_ENTER		
2016-04-30	13:14:15	+0000	54db43ee-d174-4255-910f-fc430cebc41a	4	GET TaskExampleProcess processes	0	OK	INTERFACE	SERVICE_EXIT		
2016-04-30	13:14:15	+0000	3dce86d2-bf76-4e00-8a86-c66d3ceff737	5	PUT MyStart message to TaskExampleProcess process	0	OK	INTERFACE	SERVICE_ENTER		
2016-04-30	13:14:15	+0000	3dce86d2-bf76-4e00-8a86-c66d3ceff737	5	PUT MyStart message to TaskExampleProcess process	10	ERROR	INTERFACE	SERVICE_EXIT		
2016-04-30	13:14:15	+0000	f376da15-481d-4e8a-95c8-e1c5223c0125	6	GET TaskExampleProcess processes	0	OK	INTERFACE	SERVICE_ENTER		
2016-04-30	13:14:15	+0000	f376da15-481d-4e8a-95c8-e1c5223c0125	6	GET TaskExampleProcess processes	0	OK	INTERFACE	SERVICE_EXIT		
2016-04-30	13:14:15	+0000	2d8d9e8f-5d9e-40f0-8f76-2c86931c9b2a	7	POST create and start TaskExampleProcess process	0	OK	INTERFACE	SERVICE_ENTER		
2016-04-30	13:14:15	+0000	17c069b3-d1d2-4c54-afe3-76dba427cb5f	8	TaskExampleProcess	0	OK	PSTATE	TRANSITION_ENTER	MyStart	
2016-04-30	13:14:15	+0000	17c069b3-d1d2-4c54-afe3-76dba427cb5f	8	Process Start	0	OK	PROCESS_START	CUSTOM	TaskExampleProcess::_my_custom_id_1	MyStart
2016-04-30	13:14:15	+0000	17c069b3-d1d2-4c54-afe3-76dba427cb5f	8	TaskExampleProcess	0	OK	PSTATE	TRANSITION_EXIT	MyStart	
2016-04-30	13:14:15	+0000	a3ffd506-3610-4167-8c5d-bfe27425ddd0	9	TaskExampleProcess	0	OK	PSTATE	TRANSITION_ENTER	MyTask	
2016-04-30	13:14:15	+0000	a3ffd506-3610-4167-8c5d-bfe27425ddd0	9	Process State Start	0	OK	PROCESS_STATE_START	CUSTOM	TaskExampleProcess::_my_custom_id_1	MyTask
2016-04-30	13:14:15	+0000	a3ffd506-3610-4167-8c5d-bfe27425ddd0	9	TaskExampleProcess	0	OK	PSTATE	TRANSITION_EXIT	MyTask	
2016-04-30	13:14:15	+0000	2d8d9e8f-5d9e-40f0-8f76-2c86931c9b2a	7	POST create and start TaskExampleProcess process	20	OK	INTERFACE	SERVICE_EXIT		
2016-04-30	13:14:43	+0000	339dc404-8256-4647-8b4d-32712de4669a	1	GET TaskExampleProcess process	0	OK	INTERFACE	SERVICE_ENTER		
2016-04-30	13:14:43	+0000	339dc404-8256-4647-8b4d-32712de4669a	1	GET TaskExampleProcess process	10	OK	INTERFACE	SERVICE_EXIT		
2016-04-30	13:14:43	+0000	ba7c42c8-045f-4674-bc67-918b8ca962ff	2	POST create TaskExampleProcess process	0	OK	INTERFACE	SERVICE_ENTER		
2016-04-30	13:14:43	+0000	ba7c42c8-045f-4674-bc67-918b8ca962ff	2	POST create TaskExampleProcess process	10	OK	INTERFACE	SERVICE_EXIT		
2016-04-30	13:14:43	+0000	dd01c89e-ab45-4b29-be5d-1a74089218ff	3	GET TaskExampleProcess processes	0	OK	INTERFACE	SERVICE_ENTER		
2016-04-30	13:14:43	+0000	dd01c89e-ab45-4b29-be5d-1a74089218ff	3	GET TaskExampleProcess processes	10	OK	INTERFACE	SERVICE_EXIT		
2016-04-30	13:14:43	+0000	4cd3a12f-b320-424d-a9c3-f45833421b36	4	GET TaskExampleProcess processes	0	OK	INTERFACE	SERVICE_ENTER		
2016-04-30	13:14:43	+0000	4cd3a12f-b320-424d-a9c3-f45833421b36	4	GET TaskExampleProcess processes	0	OK	INTERFACE	SERVICE_EXIT		
2016-04-30	13:14:43	+0000	2f6216a3-a481-4432-8ab0-21c61d7e8260	5	PUT MyStart message to TaskExampleProcess process	0	OK	INTERFACE	SERVICE_ENTER		
2016-04-30	13:14:43	+0000	2f6216a3-a481-4432-8ab0-21c61d7e8260	5	PUT MyStart message to TaskExampleProcess process	0	ERROR	INTERFACE	SERVICE_EXIT		
2016-04-30	13:14:43	+0000	c474d451-e850-41f6-9456-f03e848d0c1f	6	GET TaskExampleProcess processes	0	OK	INTERFACE	SERVICE_ENTER		
2016-04-30	13:14:43	+0000	c474d451-e850-41f6-9456-f03e848d0c1f	6	GET TaskExampleProcess processes	0	OK	INTERFACE	SERVICE_EXIT		
2016-04-30	13:14:43	+0000	9efe8360-32e2-4cca-bebd-e4b1e4072e79	7	POST create and start TaskExampleProcess process	0	OK	INTERFACE	SERVICE_ENTER		
2016-04-30	13:14:43	+0000	1f6c7c98-4bcd-4276-a666-6d6b50312e84	8	TaskExampleProcess	0	OK	PSTATE	TRANSITION_ENTER	MyStart	
2016-04-30	13:14:43	+0000	1f6c7c98-4bcd-4276-a666-6d6b50312e84	8	Process Start	0	OK	PROCESS_START	CUSTOM	TaskExampleProcess::_my_custom_id_1	MyStart
2016-04-30	13:14:43	+0000	1f6c7c98-4bcd-4276-a666-6d6b50312e84	8	TaskExampleProcess	0	OK	PSTATE	TRANSITION_EXIT	MyStart	
2016-04-30	13:14:43	+0000	ad00d221-9cd1-453d-86f5-5b1baa2a0ca6	9	TaskExampleProcess	0	OK	PSTATE	TRANSITION_ENTER	MyTask	
2016-04-30	13:14:43	+0000	ad00d221-9cd1-453d-86f5-5b1baa2a0ca6	9	Process State Start	0	OK	PROCESS_STATE_START	CUSTOM	TaskExampleProcess::_my_custom_id_1	MyTask
2016-04-30	13:14:43	+0000	ad00d221-9cd1-453d-86f5-5b1baa2a0ca6	9	TaskExampleProcess	0	OK	PSTATE	TRANSITION_EXIT	MyTask	
2016-04-30	13:14:43	+0000	9efe8360-32e2-4cca-bebd-e4b1e4072e79	7	POST create and start TaskExampleProcess process	10	OK	INTERFACE	SERVICE_EXIT		
2016-04-30	13:16:36	+0000	d2fb6cd7-36f4-4788-95d3-402136a92910	10	POST create TaskExampleProcess process	0	OK	INTERFACE	SERVICE_ENTER		
2016-04-30	13:16:36	+0000	d2fb6cd7-36f4-4788-95d3-402136a92910	10	POST create TaskExampleProcess process	8	OK	INTERFACE	SERVICE_EXIT		
2016-04-30	13:33:41	+0000	a39e7c79-b05c-42d7-a7a0-766fb50584d8	1	GET TaskExampleProcess process	0	OK	INTERFACE	SERVICE_ENTER		
2016-04-30	13:33:41	+0000	a39e7c79-b05c-42d7-a7a0-766fb50584d8	1	GET TaskExampleProcess process	14	OK	INTERFACE	SERVICE_EXIT		
2016-04-30	13:33:41	+0000	7a57c739-b284-4a85-abf9-cfd48857a689	2	POST create TaskExampleProcess process	0	OK	INTERFACE	SERVICE_ENTER		
2016-04-30	13:33:41	+0000	7a57c739-b284-4a85-abf9-cfd48857a689	2	POST create TaskExampleProcess process	14	OK	INTERFACE	SERVICE_EXIT		
2016-04-30	13:33:41	+0000	67f25b48-e04e-4f41-9dd6-b4d240c38fd2	3	GET TaskExampleProcess processes	0	OK	INTERFACE	SERVICE_ENTER		
2016-04-30	13:33:41	+0000	67f25b48-e04e-4f41-9dd6-b4d240c38fd2	3	GET TaskExampleProcess processes	6	OK	INTERFACE	SERVICE_EXIT		
2016-04-30	13:33:41	+0000	905300e2-a81a-4673-b1d4-1cc65ed4e54a	4	GET TaskExampleProcess processes	0	OK	INTERFACE	SERVICE_ENTER		
2016-04-30	13:33:41	+0000	905300e2-a81a-4673-b1d4-1cc65ed4e54a	4	GET TaskExampleProcess processes	2	OK	INTERFACE	SERVICE_EXIT		
2016-04-30	13:33:41	+0000	8b89437e-72ae-43d3-971c-45e08a8d2ae7	5	PUT MyStart message to TaskExampleProcess process	0	OK	INTERFACE	SERVICE_ENTER		
2016-04-30	13:33:41	+0000	8b89437e-72ae-43d3-971c-45e08a8d2ae7	5	PUT MyStart message to TaskExampleProcess process	5	ERROR	INTERFACE	SERVICE_EXIT		
2016-04-30	13:33:41	+0000	9f092102-024c-4251-8cdc-405c769c7ee0	6	GET TaskExampleProcess processes	0	OK	INTERFACE	SERVICE_ENTER		
2016-04-30	13:33:41	+0000	9f092102-024c-4251-8cdc-405c769c7ee0	6	GET TaskExampleProcess processes	2	OK	INTERFACE	SERVICE_EXIT		
2016-04-30	13:33:41	+0000	0ca4e3b8-091d-4f44-8168-be5d89315e03	7	GET index processes	0	OK	INTERFACE	SERVICE_ENTER		
2016-04-30	13:33:41	+0000	0ca4e3b8-091d-4f44-8168-be5d89315e03	7	GET index processes	1	OK	INTERFACE	SERVICE_EXIT		
2016-04-30	13:33:41	+0000	e36147f4-1f88-4efe-9851-7751db50c720	8	POST create and start TaskExampleProcess process	0	OK	INTERFACE	SERVICE_ENTER		
2016-04-30	13:33:41	+0000	495a2383-f897-4484-ae52-6b8beacdc571	9	TaskExampleProcess	0	OK	PSTATE	TRANSITION_ENTER	MyStart	
2016-04-30	13:33:41	+0000	495a2383-f897-4484-ae52-6b8beacdc571	9	Process Start	3	OK	PROCESS_START	CUSTOM	TaskExampleProcess::_my_custom_id_1	MyStart
2016-04-30	13:33:41	+0000	495a2383-f897-4484-ae52-6b8beacdc571	9	TaskExampleProcess	7	OK	PSTATE	TRANSITION_EXIT	MyStart	
2016-04-30	13:33:41	+0000	99a9a545-7dfb-4880-9ecb-df3659ce9dc6	10	TaskExampleProcess	0	OK	PSTATE	TRANSITION_ENTER	MyTask	
2016-04-30	13:33:41	+0000	99a9a545-7dfb-4880-9ecb-df3659ce9dc6	10	Process State Start	1	OK	PROCESS_STATE_START	CUSTOM	TaskExampleProcess::_my_custom_id_1	MyTask
2016-04-30	13:33:41	+0000	99a9a545-7dfb-4880-9ecb-df3659ce9dc6	10	TaskExampleProcess	3	OK	PSTATE	TRANSITION_EXIT	MyTask	
2016-04-30	13:33:41	+0000	e36147f4-1f88-4efe-9851-7751db50c720	8	POST create and start TaskExampleProcess process	26	OK	INTERFACE	SERVICE_EXIT		
2016-04-30	13:38:18	+0000	92e12ed2-be3d-4783-b842-f93bec290119	1	GET TaskExampleProcess process	0	OK	INTERFACE	SERVICE_ENTER		
2016-04-30	13:38:18	+0000	92e12ed2-be3d-4783-b842-f93bec290119	1	GET TaskExampleProcess process	10	OK	INTERFACE	SERVICE_EXIT		
2016-04-30	13:38:18	+0000	3a471f05-0f40-4521-a73d-3ab52ef10273	2	POST create TaskExampleProcess process	0	OK	INTERFACE	SERVICE_ENTER		
2016-04-30	13:38:18	+0000	3a471f05-0f40-4521-a73d-3ab52ef10273	2	POST create TaskExampleProcess process	10	OK	INTERFACE	SERVICE_EXIT		
2016-04-30	13:38:18	+0000	b34543cc-25dc-4e17-a464-96d9c5e45ab1	3	GET TaskExampleProcess processes	0	OK	INTERFACE	SERVICE_ENTER		
2016-04-30	13:38:18	+0000	b34543cc-25dc-4e17-a464-96d9c5e45ab1	3	GET TaskExampleProcess processes	10	OK	INTERFACE	SERVICE_EXIT		
2016-04-30	13:38:18	+0000	bb077ca6-6117-494d-b4bf-50ad098ace2b	4	GET TaskExampleProcess processes	0	OK	INTERFACE	SERVICE_ENTER		
2016-04-30	13:38:18	+0000	bb077ca6-6117-494d-b4bf-50ad098ace2b	4	GET TaskExampleProcess processes	0	OK	INTERFACE	SERVICE_EXIT		
2016-04-30	13:38:18	+0000	fc6fbba2-3b6f-4847-9864-7f7339c4cec3	5	PUT MyStart message to TaskExampleProcess process	0	OK	INTERFACE	SERVICE_ENTER		
2016-04-30	13:38:18	+0000	fc6fbba2-3b6f-4847-9864-7f7339c4cec3	5	PUT MyStart message to TaskExampleProcess process	10	ERROR	INTERFACE	SERVICE_EXIT		
2016-04-30	13:38:18	+0000	10157ecd-362f-4e73-9dc4-9cecf9f61bb3	6	GET TaskExampleProcess processes	0	OK	INTERFACE	SERVICE_ENTER		
2016-04-30	13:38:18	+0000	10157ecd-362f-4e73-9dc4-9cecf9f61bb3	6	GET TaskExampleProcess processes	0	OK	INTERFACE	SERVICE_EXIT		
2016-04-30	13:38:18	+0000	e849f2b3-b0f4-4852-8c9f-6fa3956a52b3	7	GET index processes	0	OK	INTERFACE	SERVICE_ENTER		
2016-04-30	13:38:18	+0000	e849f2b3-b0f4-4852-8c9f-6fa3956a52b3	7	GET index processes	10	OK	INTERFACE	SERVICE_EXIT		
2016-04-30	13:38:18	+0000	2b727bfb-86a3-4e64-90b9-eaf22f1b888a	8	POST create and start TaskExampleProcess process	0	OK	INTERFACE	SERVICE_ENTER		
2016-04-30	13:38:18	+0000	2fe6fec2-d0fa-4d1e-af96-040ba6b4609e	9	TaskExampleProcess	0	OK	PSTATE	TRANSITION_ENTER	MyStart	
2016-04-30	13:38:18	+0000	2fe6fec2-d0fa-4d1e-af96-040ba6b4609e	9	Process Start	0	OK	PROCESS_START	CUSTOM	TaskExampleProcess::_my_custom_id_1	MyStart
2016-04-30	13:38:18	+0000	2fe6fec2-d0fa-4d1e-af96-040ba6b4609e	9	TaskExampleProcess	0	OK	PSTATE	TRANSITION_EXIT	MyStart	
2016-04-30	13:38:18	+0000	d00ca709-875a-4c15-9ef8-7835b2ecfe68	10	TaskExampleProcess	0	OK	PSTATE	TRANSITION_ENTER	MyTask	
2016-04-30	13:38:18	+0000	d00ca709-875a-4c15-9ef8-7835b2ecfe68	10	Process State Start	0	OK	PROCESS_STATE_START	CUSTOM	TaskExampleProcess::_my_custom_id_1	MyTask
2016-04-30	13:38:18	+0000	d00ca709-875a-4c15-9ef8-7835b2ecfe68	10	TaskExampleProcess	0	OK	PSTATE	TRANSITION_EXIT	MyTask	
2016-04-30	13:38:18	+0000	2b727bfb-86a3-4e64-90b9-eaf22f1b888a	8	POST create and start TaskExampleProcess process	20	OK	INTERFACE	SERVICE_EXIT		
2016-04-30	13:43:33	+0000	a702c0b3-526f-4b76-b62f-ae1505632a78	1	GET TaskExampleProcess process	0	OK	INTERFACE	SERVICE_ENTER		
2016-04-30	13:43:33	+0000	a702c0b3-526f-4b76-b62f-ae1505632a78	1	GET TaskExampleProcess process	6	OK	INTERFACE	SERVICE_EXIT		
2016-04-30	13:43:33	+0000	17170540-3c68-47bb-816c-3673134f6a9a	2	POST create TaskExampleProcess process	0	OK	INTERFACE	SERVICE_ENTER		
2016-04-30	13:43:33	+0000	17170540-3c68-47bb-816c-3673134f6a9a	2	POST create TaskExampleProcess process	10	OK	INTERFACE	SERVICE_EXIT		
2016-04-30	13:43:33	+0000	f5358807-9474-4dee-b8c2-4739b1cf6e2b	3	GET TaskExampleProcess processes	0	OK	INTERFACE	SERVICE_ENTER		
2016-04-30	13:43:33	+0000	f5358807-9474-4dee-b8c2-4739b1cf6e2b	3	GET TaskExampleProcess processes	0	OK	INTERFACE	SERVICE_EXIT		
2016-04-30	13:43:33	+0000	bd616f02-77f0-4b5d-811f-47ee79f1b462	4	GET TaskExampleProcess processes	0	OK	INTERFACE	SERVICE_ENTER		
2016-04-30	13:43:33	+0000	bd616f02-77f0-4b5d-811f-47ee79f1b462	4	GET TaskExampleProcess processes	0	OK	INTERFACE	SERVICE_EXIT		
2016-04-30	13:43:33	+0000	d1cfb5d7-97d6-4bef-b645-750160ea0c13	5	PUT MyStart message to TaskExampleProcess process	0	OK	INTERFACE	SERVICE_ENTER		
2016-04-30	13:43:33	+0000	d1cfb5d7-97d6-4bef-b645-750160ea0c13	5	PUT MyStart message to TaskExampleProcess process	0	ERROR	INTERFACE	SERVICE_EXIT		
2016-04-30	13:43:33	+0000	e3157916-de87-48c6-aa80-d4d0cdca6b68	6	GET TaskExampleProcess processes	0	OK	INTERFACE	SERVICE_ENTER		
2016-04-30	13:43:33	+0000	e3157916-de87-48c6-aa80-d4d0cdca6b68	6	GET TaskExampleProcess processes	0	OK	INTERFACE	SERVICE_EXIT		
2016-04-30	13:43:33	+0000	d256917a-12a2-490d-8252-5504365117bc	7	POST create and start TaskExampleProcess process	0	OK	INTERFACE	SERVICE_ENTER		
2016-04-30	13:43:33	+0000	adc30a48-e71d-4938-9602-d9ca6985168d	8	TaskExampleProcess	0	OK	PSTATE	TRANSITION_ENTER	MyStart	
2016-04-30	13:43:33	+0000	adc30a48-e71d-4938-9602-d9ca6985168d	8	Process Start	0	OK	PROCESS_START	CUSTOM	TaskExampleProcess::_my_custom_id_1	MyStart
2016-04-30	13:43:33	+0000	adc30a48-e71d-4938-9602-d9ca6985168d	8	TaskExampleProcess	10	OK	PSTATE	TRANSITION_EXIT	MyStart	
2016-04-30	13:43:33	+0000	fee84071-41f3-43d4-b48b-e0a5f2dde310	9	TaskExampleProcess	0	OK	PSTATE	TRANSITION_ENTER	MyTask	
2016-04-30	13:43:33	+0000	fee84071-41f3-43d4-b48b-e0a5f2dde310	9	Process State Start	0	OK	PROCESS_STATE_START	CUSTOM	TaskExampleProcess::_my_custom_id_1	MyTask
2016-04-30	13:43:33	+0000	fee84071-41f3-43d4-b48b-e0a5f2dde310	9	TaskExampleProcess	0	OK	PSTATE	TRANSITION_EXIT	MyTask	
2016-04-30	13:43:33	+0000	d256917a-12a2-490d-8252-5504365117bc	7	POST create and start TaskExampleProcess process	10	OK	INTERFACE	SERVICE_EXIT		
2016-04-30	13:46:20	+0000	09e33889-7eea-4695-b2a2-1ad29760cf26	1	GET TaskExampleProcess process	0	OK	INTERFACE	SERVICE_ENTER		
2016-04-30	13:46:20	+0000	09e33889-7eea-4695-b2a2-1ad29760cf26	1	GET TaskExampleProcess process	13	OK	INTERFACE	SERVICE_EXIT		
2016-04-30	13:46:21	+0000	5e261124-5d78-42ab-a5c5-5cb9dc729161	2	GET TaskExampleProcess processes	0	OK	INTERFACE	SERVICE_ENTER		
2016-04-30	13:46:21	+0000	5e261124-5d78-42ab-a5c5-5cb9dc729161	2	GET TaskExampleProcess processes	5	OK	INTERFACE	SERVICE_EXIT		
2016-04-30	13:46:21	+0000	f17ad998-a82a-426b-8fd2-099d0b480f7d	3	POST create TaskExampleProcess process	0	OK	INTERFACE	SERVICE_ENTER		
2016-04-30	13:46:21	+0000	f17ad998-a82a-426b-8fd2-099d0b480f7d	3	POST create TaskExampleProcess process	11	OK	INTERFACE	SERVICE_EXIT		
2016-04-30	13:46:21	+0000	d081fec7-93b4-466a-8c4c-4676fbbca48e	4	GET TaskExampleProcess processes	0	OK	INTERFACE	SERVICE_ENTER		
2016-04-30	13:46:21	+0000	d081fec7-93b4-466a-8c4c-4676fbbca48e	4	GET TaskExampleProcess processes	3	OK	INTERFACE	SERVICE_EXIT		
2016-04-30	13:46:21	+0000	a46a0ab5-735c-4fd5-b53b-21da43f9ac2a	5	PUT MyStart message to TaskExampleProcess process	0	OK	INTERFACE	SERVICE_ENTER		
2016-04-30	13:46:21	+0000	a46a0ab5-735c-4fd5-b53b-21da43f9ac2a	5	PUT MyStart message to TaskExampleProcess process	5	ERROR	INTERFACE	SERVICE_EXIT		
2016-04-30	13:46:21	+0000	ee01c572-e96a-4409-98ef-aa03a07158cc	6	POST create and start TaskExampleProcess process	0	OK	INTERFACE	SERVICE_ENTER		
2016-04-30	13:46:21	+0000	db09baa0-dbf8-457c-8f05-26f73811e464	7	TaskExampleProcess	0	OK	PSTATE	TRANSITION_ENTER	MyStart	
2016-04-30	13:46:21	+0000	db09baa0-dbf8-457c-8f05-26f73811e464	7	Process Start	1	OK	PROCESS_START	CUSTOM	TaskExampleProcess::_my_custom_id_1	MyStart
2016-04-30	13:46:21	+0000	db09baa0-dbf8-457c-8f05-26f73811e464	7	TaskExampleProcess	3	OK	PSTATE	TRANSITION_EXIT	MyStart	
2016-04-30	13:46:21	+0000	d5b680a4-e1e7-48be-a77b-df2db4e6311b	8	TaskExampleProcess	0	OK	PSTATE	TRANSITION_ENTER	MyTask	
2016-04-30	13:46:21	+0000	d5b680a4-e1e7-48be-a77b-df2db4e6311b	8	Process State Start	1	OK	PROCESS_STATE_START	CUSTOM	TaskExampleProcess::_my_custom_id_1	MyTask
2016-04-30	13:46:21	+0000	d5b680a4-e1e7-48be-a77b-df2db4e6311b	8	TaskExampleProcess	2	OK	PSTATE	TRANSITION_EXIT	MyTask	
2016-04-30	13:46:21	+0000	ee01c572-e96a-4409-98ef-aa03a07158cc	6	POST create and start TaskExampleProcess process	17	OK	INTERFACE	SERVICE_EXIT		
2016-04-30	13:46:21	+0000	933d9730-4d8a-4984-8d75-a30dfd69b5b9	9	GET TaskExampleProcess processes	0	OK	INTERFACE	SERVICE_ENTER		
2016-04-30	13:46:21	+0000	933d9730-4d8a-4984-8d75-a30dfd69b5b9	9	GET TaskExampleProcess processes	3	OK	INTERFACE	SERVICE_EXIT		
2016-04-30	13:47:09	+0000	72c102c6-565a-4c15-90b6-5c1288f19f0b	10	GET index processes	0	OK	INTERFACE	SERVICE_ENTER		
2016-04-30	13:47:09	+0000	72c102c6-565a-4c15-90b6-5c1288f19f0b	10	GET index processes	10	OK	INTERFACE	SERVICE_EXIT		
2016-04-30	14:02:54	+0000	7fc6021f-841d-4d36-b6e9-3e60ffdcb0a9	1	GET TaskExampleProcess process	0	OK	INTERFACE	SERVICE_ENTER		
2016-04-30	14:02:54	+0000	7fc6021f-841d-4d36-b6e9-3e60ffdcb0a9	1	GET TaskExampleProcess process	12	OK	INTERFACE	SERVICE_EXIT		
2016-04-30	14:02:54	+0000	7d057121-251e-4be3-841d-826ba382aa52	2	POST create TaskExampleProcess process	0	OK	INTERFACE	SERVICE_ENTER		
2016-04-30	14:02:55	+0000	7d057121-251e-4be3-841d-826ba382aa52	2	POST create TaskExampleProcess process	11	OK	INTERFACE	SERVICE_EXIT		
2016-04-30	14:02:55	+0000	e510f62c-63cb-4653-88f9-d8a5db606cf6	3	GET TaskExampleProcess processes	0	OK	INTERFACE	SERVICE_ENTER		
2016-04-30	14:02:55	+0000	e510f62c-63cb-4653-88f9-d8a5db606cf6	3	GET TaskExampleProcess processes	5	OK	INTERFACE	SERVICE_EXIT		
2016-04-30	14:02:55	+0000	b15febd2-fcff-4868-a0b6-05affe25873a	4	GET TaskExampleProcess processes	0	OK	INTERFACE	SERVICE_ENTER		
2016-04-30	14:02:55	+0000	b15febd2-fcff-4868-a0b6-05affe25873a	4	GET TaskExampleProcess processes	2	OK	INTERFACE	SERVICE_EXIT		
2016-04-30	14:02:55	+0000	974d6e43-ef80-4faf-a290-eaab64486f02	5	PUT MyStart message to TaskExampleProcess process	0	OK	INTERFACE	SERVICE_ENTER		
2016-04-30	14:02:55	+0000	974d6e43-ef80-4faf-a290-eaab64486f02	5	PUT MyStart message to TaskExampleProcess process	5	ERROR	INTERFACE	SERVICE_EXIT		
2016-04-30	14:02:55	+0000	8df316cd-e426-423e-8da5-fd0634111fa8	6	GET TaskExampleProcess processes	0	OK	INTERFACE	SERVICE_ENTER		
2016-04-30	14:02:55	+0000	8df316cd-e426-423e-8da5-fd0634111fa8	6	GET TaskExampleProcess processes	2	OK	INTERFACE	SERVICE_EXIT		
2016-04-30	14:02:55	+0000	9d21a144-0ca0-4287-83d1-d7abf0d90008	7	POST create and start TaskExampleProcess process	0	OK	INTERFACE	SERVICE_ENTER		
2016-04-30	14:02:55	+0000	265220e9-de92-4deb-bc4d-cf8f61822ee2	8	TaskExampleProcess	0	OK	PSTATE	TRANSITION_ENTER	MyStart	
2016-04-30	14:02:55	+0000	265220e9-de92-4deb-bc4d-cf8f61822ee2	8	Process Start	1	OK	PROCESS_START	CUSTOM	TaskExampleProcess::_my_custom_id_1	MyStart
2016-04-30	14:02:55	+0000	265220e9-de92-4deb-bc4d-cf8f61822ee2	8	TaskExampleProcess	4	OK	PSTATE	TRANSITION_EXIT	MyStart	
2016-04-30	14:02:55	+0000	693a3f11-36f6-4ab3-8aea-22c443af8439	9	TaskExampleProcess	0	OK	PSTATE	TRANSITION_ENTER	MyTask	
2016-04-30	14:02:55	+0000	693a3f11-36f6-4ab3-8aea-22c443af8439	9	Process State Start	1	OK	PROCESS_STATE_START	CUSTOM	TaskExampleProcess::_my_custom_id_1	MyTask
2016-04-30	14:02:55	+0000	693a3f11-36f6-4ab3-8aea-22c443af8439	9	TaskExampleProcess	2	OK	PSTATE	TRANSITION_EXIT	MyTask	
2016-04-30	14:02:55	+0000	9d21a144-0ca0-4287-83d1-d7abf0d90008	7	POST create and start TaskExampleProcess process	17	OK	INTERFACE	SERVICE_EXIT		
2016-04-30	14:03:14	+0000	d0ceaf7a-f709-4719-9d37-7c886460e47d	10	GET index processes	0	OK	INTERFACE	SERVICE_ENTER		
2016-04-30	14:03:14	+0000	d0ceaf7a-f709-4719-9d37-7c886460e47d	10	GET index processes	3	OK	INTERFACE	SERVICE_EXIT		
2016-04-30	14:06:10	+0000	602de60e-f0e1-40eb-97c4-22bd154deeff	11	GET api process	0	OK	INTERFACE	SERVICE_ENTER		
2016-04-30	14:06:10	+0000	602de60e-f0e1-40eb-97c4-22bd154deeff	11	GET api process	2	OK	INTERFACE	SERVICE_EXIT		
2016-04-30	14:06:16	+0000	e28e8a78-4024-460b-b908-92d47d0aa00b	12	GET api processes	0	OK	INTERFACE	SERVICE_ENTER		
2016-04-30	14:06:16	+0000	e28e8a78-4024-460b-b908-92d47d0aa00b	12	GET api processes	1	OK	INTERFACE	SERVICE_EXIT		
2016-04-30	14:06:27	+0000	396c4665-9219-469d-98d9-e6fa56ed3af4	13	GET api process	0	OK	INTERFACE	SERVICE_ENTER		
2016-04-30	14:06:27	+0000	396c4665-9219-469d-98d9-e6fa56ed3af4	13	GET api process	2	OK	INTERFACE	SERVICE_EXIT		
2016-04-30	16:24:29	+0000	78aee22f-c4b2-4f5e-84f3-02fc365642cf	14	GET  processes	0	OK	INTERFACE	SERVICE_ENTER		
2016-04-30	16:24:29	+0000	78aee22f-c4b2-4f5e-84f3-02fc365642cf	14	GET  processes	0	OK	INTERFACE	SERVICE_EXIT		
2016-04-30	16:24:31	+0000	db9840b5-4818-41a9-a0da-c844ad5391f0	15	GET  processes	0	OK	INTERFACE	SERVICE_ENTER		
2016-04-30	16:24:31	+0000	db9840b5-4818-41a9-a0da-c844ad5391f0	15	GET  processes	0	OK	INTERFACE	SERVICE_EXIT		
