2016-05-02	11:49:08	+0000	327085b1-4fb5-435a-9cfd-0e31e42d622a	1	GET TaskExampleProcess process	0	OK	INTERFACE	SERVICE_ENTER		
2016-05-02	11:49:08	+0000	327085b1-4fb5-435a-9cfd-0e31e42d622a	1	GET TaskExampleProcess process	22	OK	INTERFACE	SERVICE_EXIT		
2016-05-02	11:49:08	+0000	67eb0abb-3270-450b-aadc-1b5e8797ffc1	2	POST create TaskExampleProcess process	0	OK	INTERFACE	SERVICE_ENTER		
2016-05-02	11:49:08	+0000	67eb0abb-3270-450b-aadc-1b5e8797ffc1	2	POST create TaskExampleProcess process	15	OK	INTERFACE	SERVICE_EXIT		
2016-05-02	11:49:08	+0000	fb20ba8b-d4e9-4a1c-ba44-d582321a47e9	3	GET TaskExampleProcess processes	0	OK	INTERFACE	SERVICE_ENTER		
2016-05-02	11:49:08	+0000	fb20ba8b-d4e9-4a1c-ba44-d582321a47e9	3	GET TaskExampleProcess processes	5	OK	INTERFACE	SERVICE_EXIT		
2016-05-02	11:49:08	+0000	3d02204a-8462-44aa-be60-43439bdae72c	4	GET TaskExampleProcess processes	0	OK	INTERFACE	SERVICE_ENTER		
2016-05-02	11:49:08	+0000	3d02204a-8462-44aa-be60-43439bdae72c	4	GET TaskExampleProcess processes	2	OK	INTERFACE	SERVICE_EXIT		
2016-05-02	11:49:08	+0000	c46e62f9-03e1-4096-b24a-0ef468735791	5	PUT MyStart message to TaskExampleProcess process	0	OK	INTERFACE	SERVICE_ENTER		
2016-05-02	11:49:08	+0000	c46e62f9-03e1-4096-b24a-0ef468735791	5	PUT MyStart message to TaskExampleProcess process	5	ERROR	INTERFACE	SERVICE_EXIT		
2016-05-02	11:49:08	+0000	1d03ceb5-da55-4721-b3d3-70bc07d92c48	6	GET TaskExampleProcess processes	0	OK	INTERFACE	SERVICE_ENTER		
2016-05-02	11:49:08	+0000	1d03ceb5-da55-4721-b3d3-70bc07d92c48	6	GET TaskExampleProcess processes	1	OK	INTERFACE	SERVICE_EXIT		
2016-05-02	11:49:08	+0000	c6755057-4044-4d3b-a719-cda39676cdbd	7	POST create and start TaskExampleProcess process	0	OK	INTERFACE	SERVICE_ENTER		
2016-05-02	11:49:08	+0000	99d112b4-cfd7-427b-94c8-2129db2240c3	8	TaskExampleProcess	0	OK	PSTATE	TRANSITION_ENTER	MyStart	
2016-05-02	11:49:08	+0000	99d112b4-cfd7-427b-94c8-2129db2240c3	8	Process Start	1	OK	PROCESS_START	CUSTOM	TaskExampleProcess::_my_custom_id_1	MyStart
2016-05-02	11:49:08	+0000	99d112b4-cfd7-427b-94c8-2129db2240c3	8	TaskExampleProcess	4	OK	PSTATE	TRANSITION_EXIT	MyStart	
2016-05-02	11:49:08	+0000	da0536e2-93f3-4221-a62d-167f313aa5c5	9	TaskExampleProcess	0	OK	PSTATE	TRANSITION_ENTER	MyTask	
2016-05-02	11:49:08	+0000	da0536e2-93f3-4221-a62d-167f313aa5c5	9	Process State Start	1	OK	PROCESS_STATE_START	CUSTOM	TaskExampleProcess::_my_custom_id_1	MyTask
2016-05-02	11:49:08	+0000	da0536e2-93f3-4221-a62d-167f313aa5c5	9	TaskExampleProcess	2	OK	PSTATE	TRANSITION_EXIT	MyTask	
2016-05-02	11:49:08	+0000	c6755057-4044-4d3b-a719-cda39676cdbd	7	POST create and start TaskExampleProcess process	17	OK	INTERFACE	SERVICE_EXIT		
