2016-05-14	11:00:55	+0000	f256ae3c-b5e0-4aa4-9f32-614aabc29333	1	GET TaskExampleProcess process	0	OK	INTERFACE	SERVICE_ENTER		
2016-05-14	11:00:55	+0000	f256ae3c-b5e0-4aa4-9f32-614aabc29333	1	GET TaskExampleProcess process	11	OK	INTERFACE	SERVICE_EXIT		
2016-05-14	11:00:55	+0000	2cd67aec-741b-4c65-bacd-5363350037c5	2	POST create TaskExampleProcess process	0	OK	INTERFACE	SERVICE_ENTER		
2016-05-14	11:00:55	+0000	2cd67aec-741b-4c65-bacd-5363350037c5	2	POST create TaskExampleProcess process	10	OK	INTERFACE	SERVICE_EXIT		
2016-05-14	11:00:55	+0000	15b9cdfa-f8b8-4ea7-85f1-a4758e81eda4	3	GET TaskExampleProcess processes	0	OK	INTERFACE	SERVICE_ENTER		
2016-05-14	11:00:55	+0000	15b9cdfa-f8b8-4ea7-85f1-a4758e81eda4	3	GET TaskExampleProcess processes	5	OK	INTERFACE	SERVICE_EXIT		
2016-05-14	11:00:55	+0000	c0b7b7db-3b8a-4f6d-ae74-2d1a0f67ee82	4	GET TaskExampleProcess processes	0	OK	INTERFACE	SERVICE_ENTER		
2016-05-14	11:00:55	+0000	c0b7b7db-3b8a-4f6d-ae74-2d1a0f67ee82	4	GET TaskExampleProcess processes	1	OK	INTERFACE	SERVICE_EXIT		
2016-05-14	11:00:55	+0000	10d4aaab-dd32-4334-9e8f-6f0322104a06	5	PUT MyStart message to TaskExampleProcess process	0	OK	INTERFACE	SERVICE_ENTER		
2016-05-14	11:00:55	+0000	10d4aaab-dd32-4334-9e8f-6f0322104a06	5	PUT MyStart message to TaskExampleProcess process	6	ERROR	INTERFACE	SERVICE_EXIT		
2016-05-14	11:00:55	+0000	aa2bf495-28e3-48a5-9e1e-3f1fa0431fb1	6	GET TaskExampleProcess processes	0	OK	INTERFACE	SERVICE_ENTER		
2016-05-14	11:00:55	+0000	aa2bf495-28e3-48a5-9e1e-3f1fa0431fb1	6	GET TaskExampleProcess processes	2	OK	INTERFACE	SERVICE_EXIT		
2016-05-14	11:00:55	+0000	d1fbec7c-c780-4311-8db4-f61bafbce82b	7	POST create and start TaskExampleProcess process	0	OK	INTERFACE	SERVICE_ENTER		
2016-05-14	11:00:55	+0000	6001a11f-5e34-4535-aaa5-3304737a007d	8	TaskExampleProcess	0	OK	PSTATE	TRANSITION_ENTER	MyStart	
2016-05-14	11:00:55	+0000	6001a11f-5e34-4535-aaa5-3304737a007d	8	Process Start	2	OK	PROCESS_START	CUSTOM	TaskExampleProcess::_my_custom_id_1	MyStart
2016-05-14	11:00:55	+0000	6001a11f-5e34-4535-aaa5-3304737a007d	8	TaskExampleProcess	4	OK	PSTATE	TRANSITION_EXIT	MyStart	
2016-05-14	11:00:55	+0000	98e6d912-5833-4314-aab7-4539940c4769	9	TaskExampleProcess	0	OK	PSTATE	TRANSITION_ENTER	MyTask	
2016-05-14	11:00:55	+0000	98e6d912-5833-4314-aab7-4539940c4769	9	Process State Start	1	OK	PROCESS_STATE_START	CUSTOM	TaskExampleProcess::_my_custom_id_1	MyTask
2016-05-14	11:00:55	+0000	98e6d912-5833-4314-aab7-4539940c4769	9	TaskExampleProcess	2	OK	PSTATE	TRANSITION_EXIT	MyTask	
2016-05-14	11:00:55	+0000	d1fbec7c-c780-4311-8db4-f61bafbce82b	7	POST create and start TaskExampleProcess process	15	OK	INTERFACE	SERVICE_EXIT		
2016-05-14	11:09:50	+0000	891b6472-55f4-4d17-bfe7-0e7d01d10aa6	1	GET TaskExampleProcess process	0	OK	INTERFACE	SERVICE_ENTER		
2016-05-14	11:09:50	+0000	891b6472-55f4-4d17-bfe7-0e7d01d10aa6	1	GET TaskExampleProcess process	12	OK	INTERFACE	SERVICE_EXIT		
2016-05-14	11:09:50	+0000	7e1b356f-ca0c-4418-8241-503f3bb01088	2	GET TaskExampleProcess processes	0	OK	INTERFACE	SERVICE_ENTER		
2016-05-14	11:09:50	+0000	7e1b356f-ca0c-4418-8241-503f3bb01088	2	GET TaskExampleProcess processes	4	OK	INTERFACE	SERVICE_EXIT		
2016-05-14	11:09:50	+0000	dbd7c987-4798-4c5d-9fa7-b098c835d750	3	GET TaskExampleProcess processes	0	OK	INTERFACE	SERVICE_ENTER		
2016-05-14	11:09:50	+0000	dbd7c987-4798-4c5d-9fa7-b098c835d750	3	GET TaskExampleProcess processes	3	OK	INTERFACE	SERVICE_EXIT		
2016-05-14	11:09:50	+0000	24e2a3aa-9a1d-499e-ba31-5b466e3fce5e	4	POST create and start TaskExampleProcess process	0	OK	INTERFACE	SERVICE_ENTER		
2016-05-14	11:09:50	+0000	016fb573-37dd-4ed2-9500-8b0417ea39a5	5	TaskExampleProcess	0	OK	PSTATE	TRANSITION_ENTER	MyStart	
2016-05-14	11:09:50	+0000	016fb573-37dd-4ed2-9500-8b0417ea39a5	5	Process Start	1	OK	PROCESS_START	CUSTOM	TaskExampleProcess::_my_custom_id_0	MyStart
2016-05-14	11:09:50	+0000	016fb573-37dd-4ed2-9500-8b0417ea39a5	5	TaskExampleProcess	3	OK	PSTATE	TRANSITION_EXIT	MyStart	
2016-05-14	11:09:50	+0000	77256fec-8bfa-42e8-9068-0cbf465270fc	6	TaskExampleProcess	0	OK	PSTATE	TRANSITION_ENTER	MyTask	
2016-05-14	11:09:50	+0000	77256fec-8bfa-42e8-9068-0cbf465270fc	6	Process State Start	1	OK	PROCESS_STATE_START	CUSTOM	TaskExampleProcess::_my_custom_id_0	MyTask
2016-05-14	11:09:50	+0000	77256fec-8bfa-42e8-9068-0cbf465270fc	6	TaskExampleProcess	2	OK	PSTATE	TRANSITION_EXIT	MyTask	
2016-05-14	11:09:50	+0000	24e2a3aa-9a1d-499e-ba31-5b466e3fce5e	4	POST create and start TaskExampleProcess process	22	OK	INTERFACE	SERVICE_EXIT		
2016-05-14	11:09:50	+0000	3b17e7a8-11d5-4830-803d-7ca95f305d10	7	POST create TaskExampleProcess process	0	OK	INTERFACE	SERVICE_ENTER		
2016-05-14	11:09:50	+0000	3b17e7a8-11d5-4830-803d-7ca95f305d10	7	POST create TaskExampleProcess process	4	OK	INTERFACE	SERVICE_EXIT		
2016-05-14	11:09:50	+0000	eab00a3c-ec6c-4777-ac3b-de77f661f60f	8	PUT MyStart message to TaskExampleProcess process	0	OK	INTERFACE	SERVICE_ENTER		
2016-05-14	11:09:50	+0000	00d290e5-d6a0-4687-87c9-6da23d43c24f	9	TaskExampleProcess	0	OK	PSTATE	TRANSITION_ENTER	MyStart	
2016-05-14	11:09:50	+0000	00d290e5-d6a0-4687-87c9-6da23d43c24f	9	Process Start	1	OK	PROCESS_START	CUSTOM	TaskExampleProcess::_my_custom_id_1	MyStart
2016-05-14	11:09:50	+0000	00d290e5-d6a0-4687-87c9-6da23d43c24f	9	TaskExampleProcess	2	OK	PSTATE	TRANSITION_EXIT	MyStart	
2016-05-14	11:09:50	+0000	26e40781-b078-4755-b29d-4aebaee40775	10	TaskExampleProcess	0	OK	PSTATE	TRANSITION_ENTER	MyTask	
2016-05-14	11:09:50	+0000	26e40781-b078-4755-b29d-4aebaee40775	10	Process State Start	1	OK	PROCESS_STATE_START	CUSTOM	TaskExampleProcess::_my_custom_id_1	MyTask
2016-05-14	11:09:50	+0000	26e40781-b078-4755-b29d-4aebaee40775	10	TaskExampleProcess	2	OK	PSTATE	TRANSITION_EXIT	MyTask	
2016-05-14	11:09:50	+0000	eab00a3c-ec6c-4777-ac3b-de77f661f60f	8	PUT MyStart message to TaskExampleProcess process	8	OK	INTERFACE	SERVICE_EXIT		
2016-05-14	11:09:50	+0000	7f05968d-ead2-48dc-888b-f45be35a06b8	11	GET TaskExampleProcess processes	0	OK	INTERFACE	SERVICE_ENTER		
2016-05-14	11:09:50	+0000	7f05968d-ead2-48dc-888b-f45be35a06b8	11	GET TaskExampleProcess processes	3	OK	INTERFACE	SERVICE_EXIT		
2016-05-14	11:11:04	+0000	7111ed22-50de-4f6e-b8d7-c912db1fe80d	1	GET TaskExampleProcess process	0	OK	INTERFACE	SERVICE_ENTER		
2016-05-14	11:11:04	+0000	7111ed22-50de-4f6e-b8d7-c912db1fe80d	1	GET TaskExampleProcess process	10	OK	INTERFACE	SERVICE_EXIT		
2016-05-14	11:11:04	+0000	cd58b7eb-cbb2-4e3b-abc5-e6b4986ed1a9	2	POST create TaskExampleProcess process	0	OK	INTERFACE	SERVICE_ENTER		
2016-05-14	11:11:04	+0000	cd58b7eb-cbb2-4e3b-abc5-e6b4986ed1a9	2	POST create TaskExampleProcess process	10	OK	INTERFACE	SERVICE_EXIT		
2016-05-14	11:11:04	+0000	ac8c2f8c-f7af-4533-8cf6-aff9d78b5d6b	3	GET TaskExampleProcess processes	0	OK	INTERFACE	SERVICE_ENTER		
2016-05-14	11:11:04	+0000	ac8c2f8c-f7af-4533-8cf6-aff9d78b5d6b	3	GET TaskExampleProcess processes	4	OK	INTERFACE	SERVICE_EXIT		
2016-05-14	11:11:04	+0000	49ea08da-aec9-42b3-b224-7c73138d9041	4	GET TaskExampleProcess processes	0	OK	INTERFACE	SERVICE_ENTER		
2016-05-14	11:11:04	+0000	49ea08da-aec9-42b3-b224-7c73138d9041	4	GET TaskExampleProcess processes	2	OK	INTERFACE	SERVICE_EXIT		
2016-05-14	11:11:04	+0000	04c257f0-9154-48d4-bb82-a9e9e9e3e072	5	PUT MyStart message to TaskExampleProcess process	0	OK	INTERFACE	SERVICE_ENTER		
2016-05-14	11:11:04	+0000	04c257f0-9154-48d4-bb82-a9e9e9e3e072	5	PUT MyStart message to TaskExampleProcess process	4	ERROR	INTERFACE	SERVICE_EXIT		
2016-05-14	11:11:04	+0000	47a71f1b-eeec-4492-894c-61b4d6cb30b1	6	GET TaskExampleProcess processes	0	OK	INTERFACE	SERVICE_ENTER		
2016-05-14	11:11:04	+0000	47a71f1b-eeec-4492-894c-61b4d6cb30b1	6	GET TaskExampleProcess processes	1	OK	INTERFACE	SERVICE_EXIT		
2016-05-14	11:11:04	+0000	11ecc183-5636-4c36-a218-8b707e6d6c58	7	POST create and start TaskExampleProcess process	0	OK	INTERFACE	SERVICE_ENTER		
2016-05-14	11:11:04	+0000	47da685f-6e3c-4de0-a1e5-1e515256172d	8	TaskExampleProcess	0	OK	PSTATE	TRANSITION_ENTER	MyStart	
2016-05-14	11:11:04	+0000	47da685f-6e3c-4de0-a1e5-1e515256172d	8	Process Start	1	OK	PROCESS_START	CUSTOM	TaskExampleProcess::_my_custom_id_1	MyStart
2016-05-14	11:11:04	+0000	47da685f-6e3c-4de0-a1e5-1e515256172d	8	TaskExampleProcess	3	OK	PSTATE	TRANSITION_EXIT	MyStart	
2016-05-14	11:11:04	+0000	3eb64574-15b9-46dd-a4b6-261658e97c75	9	TaskExampleProcess	0	OK	PSTATE	TRANSITION_ENTER	MyTask	
2016-05-14	11:11:04	+0000	3eb64574-15b9-46dd-a4b6-261658e97c75	9	Process State Start	0	OK	PROCESS_STATE_START	CUSTOM	TaskExampleProcess::_my_custom_id_1	MyTask
2016-05-14	11:11:04	+0000	3eb64574-15b9-46dd-a4b6-261658e97c75	9	TaskExampleProcess	1	OK	PSTATE	TRANSITION_EXIT	MyTask	
2016-05-14	11:11:04	+0000	11ecc183-5636-4c36-a218-8b707e6d6c58	7	POST create and start TaskExampleProcess process	14	OK	INTERFACE	SERVICE_EXIT		
2016-05-14	12:46:19	+0000	aa5f9731-3748-4a23-bb76-cd8c740ce473	10	GET  processes	0	OK	INTERFACE	SERVICE_ENTER		
2016-05-14	12:46:19	+0000	aa5f9731-3748-4a23-bb76-cd8c740ce473	10	GET  processes	3	OK	INTERFACE	SERVICE_EXIT		
2016-05-14	12:46:20	+0000	6417e5dc-d909-472b-b0d6-fadca996f66b	11	GET  processes	0	OK	INTERFACE	SERVICE_ENTER		
2016-05-14	12:46:20	+0000	6417e5dc-d909-472b-b0d6-fadca996f66b	11	GET  processes	2	OK	INTERFACE	SERVICE_EXIT		
2016-05-14	13:17:09	+0000	027c7e87-4a2c-4619-94d9-70b2d2814af3	12	GET TaskExampleProcess processes	0	OK	INTERFACE	SERVICE_ENTER		
2016-05-14	13:17:09	+0000	027c7e87-4a2c-4619-94d9-70b2d2814af3	12	GET TaskExampleProcess processes	4	OK	INTERFACE	SERVICE_EXIT		
2016-05-14	13:20:15	+0000	08194a5e-2b80-4d03-a4e7-a26699fdac54	13	GET TaskExampleProcess processes	0	OK	INTERFACE	SERVICE_ENTER		
2016-05-14	13:20:16	+0000	08194a5e-2b80-4d03-a4e7-a26699fdac54	13	GET TaskExampleProcess processes	104	OK	INTERFACE	SERVICE_EXIT		
2016-05-14	13:22:15	+0000	ebfa624b-0ea4-4ad8-9c4a-e9efe083eb88	14	GET state=MyTask processes	0	OK	INTERFACE	SERVICE_ENTER		
2016-05-14	13:22:15	+0000	ebfa624b-0ea4-4ad8-9c4a-e9efe083eb88	14	GET state=MyTask processes	13	OK	INTERFACE	SERVICE_EXIT		
2016-05-14	13:22:21	+0000	7eb713c2-18d7-487a-aa34-e2f7ab7e3ca4	15	GET MyTask processes	0	OK	INTERFACE	SERVICE_ENTER		
2016-05-14	13:22:21	+0000	7eb713c2-18d7-487a-aa34-e2f7ab7e3ca4	15	GET MyTask processes	85	OK	INTERFACE	SERVICE_EXIT		
2016-05-14	13:30:34	+0000	db7432d5-17f4-48fe-8e6d-02a62faabf6e	16	GET  processes	0	OK	INTERFACE	SERVICE_ENTER		
2016-05-14	13:30:34	+0000	db7432d5-17f4-48fe-8e6d-02a62faabf6e	16	GET  processes	2	OK	INTERFACE	SERVICE_EXIT		
2016-05-14	13:30:35	+0000	86f727a9-5136-4bfc-b229-321b86c39ab2	17	GET  processes	0	OK	INTERFACE	SERVICE_ENTER		
2016-05-14	13:30:35	+0000	86f727a9-5136-4bfc-b229-321b86c39ab2	17	GET  processes	2	OK	INTERFACE	SERVICE_EXIT		
2016-05-14	14:03:39	+0000	d70bed2c-4558-4ab1-9a75-2db80a5308ba	18	GET  processes	0	OK	INTERFACE	SERVICE_ENTER		
2016-05-14	14:03:39	+0000	d70bed2c-4558-4ab1-9a75-2db80a5308ba	18	GET  processes	107	OK	INTERFACE	SERVICE_EXIT		
2016-05-14	14:03:40	+0000	7bc38d57-6aa8-4688-9b58-6d48f3ac20da	19	GET  processes	0	OK	INTERFACE	SERVICE_ENTER		
2016-05-14	14:03:40	+0000	7bc38d57-6aa8-4688-9b58-6d48f3ac20da	19	GET  processes	79	OK	INTERFACE	SERVICE_EXIT		
2016-05-14	21:09:06	+0000	9e326568-65c3-4784-84d6-a455710c6268	1	GET TaskExampleProcess process	0	OK	INTERFACE	SERVICE_ENTER		
2016-05-14	21:09:06	+0000	9e326568-65c3-4784-84d6-a455710c6268	1	GET TaskExampleProcess process	179	OK	INTERFACE	SERVICE_EXIT		
2016-05-14	21:09:06	+0000	15570fdf-1eed-47ad-9716-ac572552aec5	2	POST create TaskExampleProcess process	0	OK	INTERFACE	SERVICE_ENTER		
2016-05-14	21:09:06	+0000	15570fdf-1eed-47ad-9716-ac572552aec5	2	POST create TaskExampleProcess process	17	OK	INTERFACE	SERVICE_EXIT		
2016-05-14	21:09:06	+0000	6f801f73-a472-4829-ae6e-27c7ee33b8ec	3	GET TaskExampleProcess processes	0	OK	INTERFACE	SERVICE_ENTER		
2016-05-14	21:09:06	+0000	6f801f73-a472-4829-ae6e-27c7ee33b8ec	3	GET TaskExampleProcess processes	7	OK	INTERFACE	SERVICE_EXIT		
2016-05-14	21:09:06	+0000	0a060a15-2dbc-4608-be2e-6109e152a526	4	GET TaskExampleProcess processes	0	OK	INTERFACE	SERVICE_ENTER		
2016-05-14	21:09:06	+0000	0a060a15-2dbc-4608-be2e-6109e152a526	4	GET TaskExampleProcess processes	3	OK	INTERFACE	SERVICE_EXIT		
2016-05-14	21:09:06	+0000	c2dcf932-7961-4381-a0bc-128066325050	5	PUT MyStart message to TaskExampleProcess process	0	OK	INTERFACE	SERVICE_ENTER		
2016-05-14	21:09:06	+0000	c2dcf932-7961-4381-a0bc-128066325050	5	PUT MyStart message to TaskExampleProcess process	44	ERROR	INTERFACE	SERVICE_EXIT		
2016-05-14	21:09:06	+0000	5c9f2559-c7ba-4ffe-b58b-2bd5c26bcd10	6	GET TaskExampleProcess processes	0	OK	INTERFACE	SERVICE_ENTER		
2016-05-14	21:09:06	+0000	5c9f2559-c7ba-4ffe-b58b-2bd5c26bcd10	6	GET TaskExampleProcess processes	3	OK	INTERFACE	SERVICE_EXIT		
2016-05-14	21:09:06	+0000	8cc2755e-a4bd-4365-8c38-3ed71f9a924c	7	POST create and start TaskExampleProcess process	0	OK	INTERFACE	SERVICE_ENTER		
2016-05-14	21:09:06	+0000	67b9669f-f9dd-4f65-ae47-4d2f8375fbc8	8	TaskExampleProcess	0	OK	PSTATE	TRANSITION_ENTER	MyStart	
2016-05-14	21:09:06	+0000	67b9669f-f9dd-4f65-ae47-4d2f8375fbc8	8	Process Start	1	OK	PROCESS_START	CUSTOM	TaskExampleProcess::_my_custom_id_1	MyStart
2016-05-14	21:09:06	+0000	67b9669f-f9dd-4f65-ae47-4d2f8375fbc8	8	TaskExampleProcess	54	OK	PSTATE	TRANSITION_EXIT	MyStart	
2016-05-14	21:09:06	+0000	bc41ccca-9f67-44b0-9bb2-5effe2a9b874	9	TaskExampleProcess	0	OK	PSTATE	TRANSITION_ENTER	MyTask	
2016-05-14	21:09:06	+0000	bc41ccca-9f67-44b0-9bb2-5effe2a9b874	9	Process State Start	1	OK	PROCESS_STATE_START	CUSTOM	TaskExampleProcess::_my_custom_id_1	MyTask
2016-05-14	21:09:06	+0000	bc41ccca-9f67-44b0-9bb2-5effe2a9b874	9	TaskExampleProcess	2	OK	PSTATE	TRANSITION_EXIT	MyTask	
2016-05-14	21:09:06	+0000	8cc2755e-a4bd-4365-8c38-3ed71f9a924c	7	POST create and start TaskExampleProcess process	72	OK	INTERFACE	SERVICE_EXIT		
2016-05-14	21:35:46	+0000	cd9611a8-ee6c-418e-af8f-8db235df2d63	10	GET  processes	0	OK	INTERFACE	SERVICE_ENTER		
2016-05-14	21:35:46	+0000	cd9611a8-ee6c-418e-af8f-8db235df2d63	10	GET  processes	7	OK	INTERFACE	SERVICE_EXIT		
2016-05-14	21:35:47	+0000	fd3665da-528d-4a1f-be60-774391fa0de5	11	GET favicon.ico processes	0	OK	INTERFACE	SERVICE_ENTER		
2016-05-14	21:35:47	+0000	fd3665da-528d-4a1f-be60-774391fa0de5	11	GET favicon.ico processes	3	OK	INTERFACE	SERVICE_EXIT		
2016-05-14	21:35:47	+0000	bd9c82b2-8576-4b54-9b5c-4b9f61aa6b2d	12	GET favicon.ico processes	0	OK	INTERFACE	SERVICE_ENTER		
2016-05-14	21:35:47	+0000	bd9c82b2-8576-4b54-9b5c-4b9f61aa6b2d	12	GET favicon.ico processes	7	OK	INTERFACE	SERVICE_EXIT		
2016-05-14	21:52:24	+0000	84741aea-e133-416a-afd8-bc41a1cf3a2f	13	GET TaskExampleProcess processes	0	OK	INTERFACE	SERVICE_ENTER		
2016-05-14	21:52:24	+0000	84741aea-e133-416a-afd8-bc41a1cf3a2f	13	GET TaskExampleProcess processes	4	OK	INTERFACE	SERVICE_EXIT		
