2016-05-09	12:58:04	+0000	cb34755b-b897-4880-8d32-82a068b3cf90	1	GET TaskExampleProcess process	0	OK	INTERFACE	SERVICE_ENTER		
2016-05-09	12:58:04	+0000	cb34755b-b897-4880-8d32-82a068b3cf90	1	GET TaskExampleProcess process	17	OK	INTERFACE	SERVICE_EXIT		
2016-05-09	12:58:04	+0000	01addded-b7cf-4d56-ae90-a70ed559fcb0	2	POST create TaskExampleProcess process	0	OK	INTERFACE	SERVICE_ENTER		
2016-05-09	12:58:04	+0000	01addded-b7cf-4d56-ae90-a70ed559fcb0	2	POST create TaskExampleProcess process	11	OK	INTERFACE	SERVICE_EXIT		
2016-05-09	12:58:04	+0000	7b0139b7-b32b-4fa9-8f76-aacae0190f83	3	GET TaskExampleProcess processes	0	OK	INTERFACE	SERVICE_ENTER		
2016-05-09	12:58:04	+0000	7b0139b7-b32b-4fa9-8f76-aacae0190f83	3	GET TaskExampleProcess processes	4	OK	INTERFACE	SERVICE_EXIT		
2016-05-09	12:58:04	+0000	fc591cfd-03f0-4c49-817f-e22cccbe3939	4	GET TaskExampleProcess processes	0	OK	INTERFACE	SERVICE_ENTER		
2016-05-09	12:58:04	+0000	fc591cfd-03f0-4c49-817f-e22cccbe3939	4	GET TaskExampleProcess processes	2	OK	INTERFACE	SERVICE_EXIT		
2016-05-09	12:58:04	+0000	2ec166f4-42d0-49a2-9f66-3ac70a238650	5	PUT MyStart message to TaskExampleProcess process	0	OK	INTERFACE	SERVICE_ENTER		
2016-05-09	12:58:04	+0000	2ec166f4-42d0-49a2-9f66-3ac70a238650	5	PUT MyStart message to TaskExampleProcess process	0	ERROR	INTERFACE	SERVICE_EXIT		
2016-05-09	12:58:04	+0000	7a0feb63-bd8d-42b9-8b2d-ec6f691338fe	6	GET TaskExampleProcess processes	0	OK	INTERFACE	SERVICE_ENTER		
2016-05-09	12:58:04	+0000	7a0feb63-bd8d-42b9-8b2d-ec6f691338fe	6	GET TaskExampleProcess processes	0	OK	INTERFACE	SERVICE_EXIT		
2016-05-09	12:58:04	+0000	8ed4d727-6a05-44a9-afb5-cc3d7296c1dc	7	POST create and start TaskExampleProcess process	0	OK	INTERFACE	SERVICE_ENTER		
2016-05-09	12:58:04	+0000	95beddfc-feb0-4604-b9da-0e171c357c86	8	TaskExampleProcess	0	OK	PSTATE	TRANSITION_ENTER	MyStart	
2016-05-09	12:58:04	+0000	95beddfc-feb0-4604-b9da-0e171c357c86	8	Process Start	0	OK	PROCESS_START	CUSTOM	TaskExampleProcess::_my_custom_id_1	MyStart
2016-05-09	12:58:04	+0000	95beddfc-feb0-4604-b9da-0e171c357c86	8	TaskExampleProcess	10	OK	PSTATE	TRANSITION_EXIT	MyStart	
2016-05-09	12:58:04	+0000	700b0a8b-bdec-4748-9d49-dae06332994c	9	TaskExampleProcess	0	OK	PSTATE	TRANSITION_ENTER	MyTask	
2016-05-09	12:58:04	+0000	700b0a8b-bdec-4748-9d49-dae06332994c	9	Process State Start	0	OK	PROCESS_STATE_START	CUSTOM	TaskExampleProcess::_my_custom_id_1	MyTask
2016-05-09	12:58:04	+0000	700b0a8b-bdec-4748-9d49-dae06332994c	9	TaskExampleProcess	0	OK	PSTATE	TRANSITION_EXIT	MyTask	
2016-05-09	12:58:04	+0000	8ed4d727-6a05-44a9-afb5-cc3d7296c1dc	7	POST create and start TaskExampleProcess process	20	OK	INTERFACE	SERVICE_EXIT		
2016-05-09	13:01:25	+0000	24ff2fcb-38f0-44bf-b021-83e08e21f14e	1	GET TaskExampleProcess process	0	OK	INTERFACE	SERVICE_ENTER		
2016-05-09	13:01:25	+0000	24ff2fcb-38f0-44bf-b021-83e08e21f14e	1	GET TaskExampleProcess process	12	OK	INTERFACE	SERVICE_EXIT		
2016-05-09	13:01:25	+0000	b4ffe6fc-4538-4131-95f7-e14c45e320aa	2	POST create TaskExampleProcess process	0	OK	INTERFACE	SERVICE_ENTER		
2016-05-09	13:01:25	+0000	b4ffe6fc-4538-4131-95f7-e14c45e320aa	2	POST create TaskExampleProcess process	12	OK	INTERFACE	SERVICE_EXIT		
2016-05-09	13:01:25	+0000	af2d06af-61a0-4e53-9a43-1017c3d5aaaf	3	GET TaskExampleProcess processes	0	OK	INTERFACE	SERVICE_ENTER		
2016-05-09	13:01:25	+0000	af2d06af-61a0-4e53-9a43-1017c3d5aaaf	3	GET TaskExampleProcess processes	6	OK	INTERFACE	SERVICE_EXIT		
2016-05-09	13:01:25	+0000	635fe5d6-75b7-417c-8fea-e395d4d85503	4	GET TaskExampleProcess processes	0	OK	INTERFACE	SERVICE_ENTER		
2016-05-09	13:01:25	+0000	635fe5d6-75b7-417c-8fea-e395d4d85503	4	GET TaskExampleProcess processes	2	OK	INTERFACE	SERVICE_EXIT		
2016-05-09	13:01:25	+0000	01285cf6-a8dc-466d-bf1f-6c8b8332e3bd	5	PUT MyStart message to TaskExampleProcess process	0	OK	INTERFACE	SERVICE_ENTER		
2016-05-09	13:01:25	+0000	01285cf6-a8dc-466d-bf1f-6c8b8332e3bd	5	PUT MyStart message to TaskExampleProcess process	5	ERROR	INTERFACE	SERVICE_EXIT		
2016-05-09	13:01:25	+0000	0de7f71b-b10e-4bb7-b9f0-bf11c51787d6	6	GET TaskExampleProcess processes	0	OK	INTERFACE	SERVICE_ENTER		
2016-05-09	13:01:25	+0000	0de7f71b-b10e-4bb7-b9f0-bf11c51787d6	6	GET TaskExampleProcess processes	2	OK	INTERFACE	SERVICE_EXIT		
2016-05-09	13:01:25	+0000	2d9a403b-351a-49f9-ae52-83a1dfd7d1bd	7	POST create and start TaskExampleProcess process	0	OK	INTERFACE	SERVICE_ENTER		
2016-05-09	13:01:25	+0000	5000ac21-d839-4dea-94bb-4bc1099ca885	8	TaskExampleProcess	0	OK	PSTATE	TRANSITION_ENTER	MyStart	
2016-05-09	13:01:25	+0000	5000ac21-d839-4dea-94bb-4bc1099ca885	8	Process Start	1	OK	PROCESS_START	CUSTOM	TaskExampleProcess::_my_custom_id_1	MyStart
2016-05-09	13:01:25	+0000	5000ac21-d839-4dea-94bb-4bc1099ca885	8	TaskExampleProcess	4	OK	PSTATE	TRANSITION_EXIT	MyStart	
2016-05-09	13:01:25	+0000	3d78616c-a27b-4fbe-968a-78f0efb9c0ed	9	TaskExampleProcess	0	OK	PSTATE	TRANSITION_ENTER	MyTask	
2016-05-09	13:01:25	+0000	3d78616c-a27b-4fbe-968a-78f0efb9c0ed	9	Process State Start	1	OK	PROCESS_STATE_START	CUSTOM	TaskExampleProcess::_my_custom_id_1	MyTask
2016-05-09	13:01:25	+0000	3d78616c-a27b-4fbe-968a-78f0efb9c0ed	9	TaskExampleProcess	2	OK	PSTATE	TRANSITION_EXIT	MyTask	
2016-05-09	13:01:25	+0000	2d9a403b-351a-49f9-ae52-83a1dfd7d1bd	7	POST create and start TaskExampleProcess process	17	OK	INTERFACE	SERVICE_EXIT		
2016-05-09	22:58:28	+0000	77940107-f77a-4969-998f-a1da64431422	1	GET TaskExampleProcess process	0	OK	INTERFACE	SERVICE_ENTER		
2016-05-09	22:58:28	+0000	77940107-f77a-4969-998f-a1da64431422	1	GET TaskExampleProcess process	30	OK	INTERFACE	SERVICE_EXIT		
2016-05-09	22:58:28	+0000	e65ab038-1870-4931-9e43-13d705afc054	2	POST create TaskExampleProcess process	0	OK	INTERFACE	SERVICE_ENTER		
2016-05-09	22:58:28	+0000	e65ab038-1870-4931-9e43-13d705afc054	2	POST create TaskExampleProcess process	10	OK	INTERFACE	SERVICE_EXIT		
2016-05-09	22:58:28	+0000	cb6dcc6d-a0da-403d-a11b-5bd3a2c09763	3	GET TaskExampleProcess processes	0	OK	INTERFACE	SERVICE_ENTER		
2016-05-09	22:58:28	+0000	cb6dcc6d-a0da-403d-a11b-5bd3a2c09763	3	GET TaskExampleProcess processes	10	OK	INTERFACE	SERVICE_EXIT		
2016-05-09	22:58:28	+0000	84050380-0fb9-4509-a78f-8f31568ab484	4	GET TaskExampleProcess processes	0	OK	INTERFACE	SERVICE_ENTER		
2016-05-09	22:58:28	+0000	84050380-0fb9-4509-a78f-8f31568ab484	4	GET TaskExampleProcess processes	0	OK	INTERFACE	SERVICE_EXIT		
2016-05-09	22:58:28	+0000	a9d399ad-44e2-437c-b434-62e7dacc0aa7	5	PUT MyStart message to TaskExampleProcess process	0	OK	INTERFACE	SERVICE_ENTER		
2016-05-09	22:58:28	+0000	a9d399ad-44e2-437c-b434-62e7dacc0aa7	5	PUT MyStart message to TaskExampleProcess process	10	ERROR	INTERFACE	SERVICE_EXIT		
2016-05-09	22:58:28	+0000	98e0b0d1-180e-461b-a999-d5272fdf96f4	6	GET TaskExampleProcess processes	0	OK	INTERFACE	SERVICE_ENTER		
2016-05-09	22:58:28	+0000	98e0b0d1-180e-461b-a999-d5272fdf96f4	6	GET TaskExampleProcess processes	10	OK	INTERFACE	SERVICE_EXIT		
2016-05-09	22:58:28	+0000	3142e008-8b84-42db-865b-486072d49640	7	POST create and start TaskExampleProcess process	0	OK	INTERFACE	SERVICE_ENTER		
2016-05-09	22:58:28	+0000	878052dd-b508-4db7-8ce0-92cfbcf24b81	8	TaskExampleProcess	0	OK	PSTATE	TRANSITION_ENTER	MyStart	
2016-05-09	22:58:28	+0000	878052dd-b508-4db7-8ce0-92cfbcf24b81	8	Process Start	3	OK	PROCESS_START	CUSTOM	TaskExampleProcess::_my_custom_id_1	MyStart
2016-05-09	22:58:28	+0000	878052dd-b508-4db7-8ce0-92cfbcf24b81	8	TaskExampleProcess	6	OK	PSTATE	TRANSITION_EXIT	MyStart	
2016-05-09	22:58:28	+0000	3b93d8b7-d439-4bb8-8646-c9b207c126c5	9	TaskExampleProcess	0	OK	PSTATE	TRANSITION_ENTER	MyTask	
2016-05-09	22:58:28	+0000	3b93d8b7-d439-4bb8-8646-c9b207c126c5	9	Process State Start	1	OK	PROCESS_STATE_START	CUSTOM	TaskExampleProcess::_my_custom_id_1	MyTask
2016-05-09	22:58:28	+0000	3b93d8b7-d439-4bb8-8646-c9b207c126c5	9	TaskExampleProcess	2	OK	PSTATE	TRANSITION_EXIT	MyTask	
2016-05-09	22:58:28	+0000	3142e008-8b84-42db-865b-486072d49640	7	POST create and start TaskExampleProcess process	45	OK	INTERFACE	SERVICE_EXIT		
2016-05-09	23:00:51	+0000	8b9b00c7-9a05-403e-9fbf-55cfaf23f49d	10	GET TaskExampleProcess processes	0	OK	INTERFACE	SERVICE_ENTER		
2016-05-09	23:00:51	+0000	8b9b00c7-9a05-403e-9fbf-55cfaf23f49d	10	GET TaskExampleProcess processes	2	OK	INTERFACE	SERVICE_EXIT		
