2016-05-15	10:57:15	+0000	dc2cf462-4471-4712-85fa-cd79861fcb69	1	GET TaskExampleProcess process	0	OK	INTERFACE	SERVICE_ENTER		
2016-05-15	10:57:15	+0000	dc2cf462-4471-4712-85fa-cd79861fcb69	1	GET TaskExampleProcess process	20	OK	INTERFACE	SERVICE_EXIT		
2016-05-15	10:57:15	+0000	01a4bd45-cf52-48a9-a55a-2f8f72a3989e	2	POST create TaskExampleProcess process	0	OK	INTERFACE	SERVICE_ENTER		
2016-05-15	10:57:15	+0000	01a4bd45-cf52-48a9-a55a-2f8f72a3989e	2	POST create TaskExampleProcess process	10	OK	INTERFACE	SERVICE_EXIT		
2016-05-15	10:57:15	+0000	c141573d-12ad-49aa-8dfe-8f7bbcf88f97	3	GET TaskExampleProcess processes	0	OK	INTERFACE	SERVICE_ENTER		
2016-05-15	10:57:15	+0000	c141573d-12ad-49aa-8dfe-8f7bbcf88f97	3	GET TaskExampleProcess processes	10	OK	INTERFACE	SERVICE_EXIT		
2016-05-15	10:57:15	+0000	2ac3af09-f071-4b26-8bc9-24cf79faa5c1	4	GET TaskExampleProcess processes	0	OK	INTERFACE	SERVICE_ENTER		
2016-05-15	10:57:15	+0000	2ac3af09-f071-4b26-8bc9-24cf79faa5c1	4	GET TaskExampleProcess processes	0	OK	INTERFACE	SERVICE_EXIT		
2016-05-15	10:57:15	+0000	3e7c8060-af00-48ec-8dcc-31bc0adcb1b1	5	PUT MyStart message to TaskExampleProcess process	0	OK	INTERFACE	SERVICE_ENTER		
2016-05-15	10:57:15	+0000	3e7c8060-af00-48ec-8dcc-31bc0adcb1b1	5	PUT MyStart message to TaskExampleProcess process	10	ERROR	INTERFACE	SERVICE_EXIT		
2016-05-15	10:57:15	+0000	8cae0e4c-5756-4614-8a21-c9eb5ca912a9	6	GET TaskExampleProcess processes	0	OK	INTERFACE	SERVICE_ENTER		
2016-05-15	10:57:15	+0000	8cae0e4c-5756-4614-8a21-c9eb5ca912a9	6	GET TaskExampleProcess processes	0	OK	INTERFACE	SERVICE_EXIT		
2016-05-15	10:57:15	+0000	65fc4a6b-9292-49c0-bfb6-66462bd5e80b	7	POST create and start TaskExampleProcess process	0	OK	INTERFACE	SERVICE_ENTER		
2016-05-15	10:57:15	+0000	b0ec7b9e-b3c0-43dc-beee-c8d1aadc5bfe	8	TaskExampleProcess	0	OK	PSTATE	TRANSITION_ENTER	MyStart	
2016-05-15	10:57:15	+0000	b0ec7b9e-b3c0-43dc-beee-c8d1aadc5bfe	8	Process Start	0	OK	PROCESS_START	CUSTOM	TaskExampleProcess::_my_custom_id_1	MyStart
2016-05-15	10:57:15	+0000	b0ec7b9e-b3c0-43dc-beee-c8d1aadc5bfe	8	TaskExampleProcess	0	OK	PSTATE	TRANSITION_EXIT	MyStart	
2016-05-15	10:57:15	+0000	25e85542-4d9e-4b29-a1e1-9f15ebf2081a	9	TaskExampleProcess	0	OK	PSTATE	TRANSITION_ENTER	MyTask	
2016-05-15	10:57:15	+0000	25e85542-4d9e-4b29-a1e1-9f15ebf2081a	9	Process State Start	0	OK	PROCESS_STATE_START	CUSTOM	TaskExampleProcess::_my_custom_id_1	MyTask
2016-05-15	10:57:15	+0000	25e85542-4d9e-4b29-a1e1-9f15ebf2081a	9	TaskExampleProcess	10	OK	PSTATE	TRANSITION_EXIT	MyTask	
2016-05-15	10:57:15	+0000	65fc4a6b-9292-49c0-bfb6-66462bd5e80b	7	POST create and start TaskExampleProcess process	20	OK	INTERFACE	SERVICE_EXIT		
2016-05-15	10:57:24	+0000	553d7a0b-c76d-4258-a3e6-df9e62a4d970	10	GET TaskExampleProcess processes	0	OK	INTERFACE	SERVICE_ENTER		
2016-05-15	10:57:24	+0000	553d7a0b-c76d-4258-a3e6-df9e62a4d970	10	GET TaskExampleProcess processes	3	OK	INTERFACE	SERVICE_EXIT		
2016-05-15	10:58:00	+0000	a568c2ab-a82a-4930-bf42-7ec4be19211d	11	POST create and start TaskExampleProcess process	0	OK	INTERFACE	SERVICE_ENTER		
2016-05-15	10:58:00	+0000	fe7856a3-6a39-41e9-a2be-1968d3286557	12	TaskExampleProcess	0	OK	PSTATE	TRANSITION_ENTER	MyStart	
2016-05-15	10:58:00	+0000	fe7856a3-6a39-41e9-a2be-1968d3286557	12	Process Start	0	OK	PROCESS_START	CUSTOM	TaskExampleProcess::_my_custom_id_2	MyStart
2016-05-15	10:58:00	+0000	fe7856a3-6a39-41e9-a2be-1968d3286557	12	TaskExampleProcess	1	OK	PSTATE	TRANSITION_EXIT	MyStart	
2016-05-15	10:58:00	+0000	fa8dfb2c-9545-495a-9a9e-36ecf720793d	13	TaskExampleProcess	0	OK	PSTATE	TRANSITION_ENTER	MyTask	
2016-05-15	10:58:00	+0000	fa8dfb2c-9545-495a-9a9e-36ecf720793d	13	Process State Start	1	OK	PROCESS_STATE_START	CUSTOM	TaskExampleProcess::_my_custom_id_2	MyTask
2016-05-15	10:58:00	+0000	fa8dfb2c-9545-495a-9a9e-36ecf720793d	13	TaskExampleProcess	2	OK	PSTATE	TRANSITION_EXIT	MyTask	
2016-05-15	10:58:00	+0000	a568c2ab-a82a-4930-bf42-7ec4be19211d	11	POST create and start TaskExampleProcess process	8	OK	INTERFACE	SERVICE_EXIT		
2016-05-15	10:59:30	+0000	09360271-5cfc-48ae-9779-3f0bf2e97d43	1	GET TaskExampleProcess process	0	OK	INTERFACE	SERVICE_ENTER		
2016-05-15	10:59:30	+0000	09360271-5cfc-48ae-9779-3f0bf2e97d43	1	GET TaskExampleProcess process	10	OK	INTERFACE	SERVICE_EXIT		
2016-05-15	10:59:30	+0000	f5dec028-e12c-4147-b121-e61041edd7e9	2	POST create TaskExampleProcess process	0	OK	INTERFACE	SERVICE_ENTER		
2016-05-15	10:59:30	+0000	f5dec028-e12c-4147-b121-e61041edd7e9	2	POST create TaskExampleProcess process	10	OK	INTERFACE	SERVICE_EXIT		
2016-05-15	10:59:30	+0000	a5fe9afd-2444-462d-b63e-b8f9b1e7be80	3	GET TaskExampleProcess processes	0	OK	INTERFACE	SERVICE_ENTER		
2016-05-15	10:59:30	+0000	a5fe9afd-2444-462d-b63e-b8f9b1e7be80	3	GET TaskExampleProcess processes	10	OK	INTERFACE	SERVICE_EXIT		
2016-05-15	10:59:30	+0000	9f4b5225-c02f-47d0-8cfd-683259282fdb	4	GET TaskExampleProcess processes	0	OK	INTERFACE	SERVICE_ENTER		
2016-05-15	10:59:30	+0000	9f4b5225-c02f-47d0-8cfd-683259282fdb	4	GET TaskExampleProcess processes	0	OK	INTERFACE	SERVICE_EXIT		
2016-05-15	10:59:30	+0000	e757a409-25c0-4d68-bfb9-f55be839014e	5	PUT MyStart message to TaskExampleProcess process	0	OK	INTERFACE	SERVICE_ENTER		
2016-05-15	10:59:30	+0000	e757a409-25c0-4d68-bfb9-f55be839014e	5	PUT MyStart message to TaskExampleProcess process	0	ERROR	INTERFACE	SERVICE_EXIT		
2016-05-15	10:59:30	+0000	4dbcb7e5-5d3c-4914-931f-d4228700a6d2	6	GET TaskExampleProcess processes	0	OK	INTERFACE	SERVICE_ENTER		
2016-05-15	10:59:30	+0000	4dbcb7e5-5d3c-4914-931f-d4228700a6d2	6	GET TaskExampleProcess processes	0	OK	INTERFACE	SERVICE_EXIT		
2016-05-15	10:59:30	+0000	5b79e88b-9846-4ee1-91db-5079280b656f	7	POST create and start TaskExampleProcess process	0	OK	INTERFACE	SERVICE_ENTER		
2016-05-15	10:59:30	+0000	1907d07b-175f-4fc1-9c41-7c88d4f1af3f	8	TaskExampleProcess	0	OK	PSTATE	TRANSITION_ENTER	MyStart	
2016-05-15	10:59:30	+0000	1907d07b-175f-4fc1-9c41-7c88d4f1af3f	8	Process Start	0	OK	PROCESS_START	CUSTOM	TaskExampleProcess::_my_custom_id_1	MyStart
2016-05-15	10:59:30	+0000	1907d07b-175f-4fc1-9c41-7c88d4f1af3f	8	TaskExampleProcess	0	OK	PSTATE	TRANSITION_EXIT	MyStart	
2016-05-15	10:59:30	+0000	79ee5ff2-b46f-4772-9019-d5adf511caf8	9	TaskExampleProcess	0	OK	PSTATE	TRANSITION_ENTER	MyTask	
2016-05-15	10:59:30	+0000	79ee5ff2-b46f-4772-9019-d5adf511caf8	9	Process State Start	0	OK	PROCESS_STATE_START	CUSTOM	TaskExampleProcess::_my_custom_id_1	MyTask
2016-05-15	10:59:30	+0000	79ee5ff2-b46f-4772-9019-d5adf511caf8	9	TaskExampleProcess	0	OK	PSTATE	TRANSITION_EXIT	MyTask	
2016-05-15	10:59:30	+0000	5b79e88b-9846-4ee1-91db-5079280b656f	7	POST create and start TaskExampleProcess process	10	OK	INTERFACE	SERVICE_EXIT		
